[0.020s] Invoking command in '/home/mahmudch/car_ws/build/car_bringup': CMAKE_PREFIX_PATH=${CMAKE_PREFIX_PATH}:/home/mahmudch/car_ws/install/car_py_pkg:/home/mahmudch/mibot_ws/install/mibot_py_pkg:/home/mahmudch/ros2_ws/install/simple_py_pkg:/home/mahmudch/ros2_ws/install/lidar_py_pkg:/home/mahmudch/ros2_ws/install/car_homework_py_pkg:/opt/ros/humble /usr/bin/cmake /home/mahmudch/car_ws/src/car_bringup -DAMENT_CMAKE_SYMLINK_INSTALL=1 -DCMAKE_INSTALL_PREFIX=/home/mahmudch/car_ws/install/car_bringup
[0.064s] -- The C compiler identification is GNU 11.4.0
[0.106s] -- The CXX compiler identification is GNU 11.4.0
[0.111s] -- Detecting C compiler ABI info
[0.166s] -- Detecting C compiler ABI info - done
[0.172s] -- Check for working C compiler: /usr/bin/cc - skipped
[0.172s] -- Detecting C compile features
[0.173s] -- Detecting C compile features - done
[0.175s] -- Detecting CXX compiler ABI info
[0.232s] -- Detecting CXX compiler ABI info - done
[0.240s] -- Check for working CXX compiler: /usr/bin/c++ - skipped
[0.240s] -- Detecting CXX compile features
[0.240s] -- Detecting CXX compile features - done
[0.243s] -- Found ament_cmake: 1.3.12 (/opt/ros/humble/share/ament_cmake/cmake)
[0.379s] -- Found Python3: /usr/bin/python3 (found version "3.10.12") found components: Interpreter 
[0.435s] -- Override CMake install command with custom implementation using symlinks instead of copying resources
[0.518s] -- Configuring done
[0.520s] -- Generating done
[0.521s] -- Build files have been written to: /home/mahmudch/car_ws/build/car_bringup
[0.524s] Invoked command in '/home/mahmudch/car_ws/build/car_bringup' returned '0': CMAKE_PREFIX_PATH=${CMAKE_PREFIX_PATH}:/home/mahmudch/car_ws/install/car_py_pkg:/home/mahmudch/mibot_ws/install/mibot_py_pkg:/home/mahmudch/ros2_ws/install/simple_py_pkg:/home/mahmudch/ros2_ws/install/lidar_py_pkg:/home/mahmudch/ros2_ws/install/car_homework_py_pkg:/opt/ros/humble /usr/bin/cmake /home/mahmudch/car_ws/src/car_bringup -DAMENT_CMAKE_SYMLINK_INSTALL=1 -DCMAKE_INSTALL_PREFIX=/home/mahmudch/car_ws/install/car_bringup
[0.526s] Invoking command in '/home/mahmudch/car_ws/build/car_bringup': CMAKE_PREFIX_PATH=${CMAKE_PREFIX_PATH}:/home/mahmudch/car_ws/install/car_py_pkg:/home/mahmudch/mibot_ws/install/mibot_py_pkg:/home/mahmudch/ros2_ws/install/simple_py_pkg:/home/mahmudch/ros2_ws/install/lidar_py_pkg:/home/mahmudch/ros2_ws/install/car_homework_py_pkg:/opt/ros/humble /usr/bin/cmake --build /home/mahmudch/car_ws/build/car_bringup -- -j12 -l12
[0.557s] Invoked command in '/home/mahmudch/car_ws/build/car_bringup' returned '0': CMAKE_PREFIX_PATH=${CMAKE_PREFIX_PATH}:/home/mahmudch/car_ws/install/car_py_pkg:/home/mahmudch/mibot_ws/install/mibot_py_pkg:/home/mahmudch/ros2_ws/install/simple_py_pkg:/home/mahmudch/ros2_ws/install/lidar_py_pkg:/home/mahmudch/ros2_ws/install/car_homework_py_pkg:/opt/ros/humble /usr/bin/cmake --build /home/mahmudch/car_ws/build/car_bringup -- -j12 -l12
[0.564s] Invoking command in '/home/mahmudch/car_ws/build/car_bringup': CMAKE_PREFIX_PATH=${CMAKE_PREFIX_PATH}:/home/mahmudch/car_ws/install/car_py_pkg:/home/mahmudch/mibot_ws/install/mibot_py_pkg:/home/mahmudch/ros2_ws/install/simple_py_pkg:/home/mahmudch/ros2_ws/install/lidar_py_pkg:/home/mahmudch/ros2_ws/install/car_homework_py_pkg:/opt/ros/humble /usr/bin/cmake --install /home/mahmudch/car_ws/build/car_bringup
[0.569s] -- Install configuration: ""
[0.569s] -- Execute custom install script
[0.570s] -- Symlinking: /home/mahmudch/car_ws/install/car_bringup/share/car_bringup//launch/car.launch.xml
[0.577s] -- Symlinking: /home/mahmudch/car_ws/install/car_bringup/share/car_bringup//rviz/xacro_config.rviz
[0.584s] -- Symlinking: /home/mahmudch/car_ws/install/car_bringup/share/car_bringup//worlds/test_world.world
[0.590s] -- Symlinking: /home/mahmudch/car_ws/install/car_bringup/share/ament_index/resource_index/package_run_dependencies/car_bringup
[0.596s] -- Symlinking: /home/mahmudch/car_ws/install/car_bringup/share/ament_index/resource_index/parent_prefix_path/car_bringup
[0.603s] -- Symlinking: /home/mahmudch/car_ws/install/car_bringup/share/car_bringup/environment/ament_prefix_path.sh
[0.609s] -- Symlinking: /home/mahmudch/car_ws/install/car_bringup/share/car_bringup/environment/ament_prefix_path.dsv
[0.616s] -- Symlinking: /home/mahmudch/car_ws/install/car_bringup/share/car_bringup/environment/path.sh
[0.622s] -- Symlinking: /home/mahmudch/car_ws/install/car_bringup/share/car_bringup/environment/path.dsv
[0.629s] -- Symlinking: /home/mahmudch/car_ws/install/car_bringup/share/car_bringup/local_setup.bash
[0.636s] -- Symlinking: /home/mahmudch/car_ws/install/car_bringup/share/car_bringup/local_setup.sh
[0.642s] -- Symlinking: /home/mahmudch/car_ws/install/car_bringup/share/car_bringup/local_setup.zsh
[0.651s] -- Symlinking: /home/mahmudch/car_ws/install/car_bringup/share/car_bringup/local_setup.dsv
[0.658s] -- Symlinking: /home/mahmudch/car_ws/install/car_bringup/share/car_bringup/package.dsv
[0.664s] -- Symlinking: /home/mahmudch/car_ws/install/car_bringup/share/ament_index/resource_index/packages/car_bringup
[0.670s] -- Symlinking: /home/mahmudch/car_ws/install/car_bringup/share/car_bringup/cmake/car_bringupConfig.cmake
[0.676s] -- Symlinking: /home/mahmudch/car_ws/install/car_bringup/share/car_bringup/cmake/car_bringupConfig-version.cmake
[0.683s] -- Symlinking: /home/mahmudch/car_ws/install/car_bringup/share/car_bringup/package.xml
[0.691s] Invoked command in '/home/mahmudch/car_ws/build/car_bringup' returned '0': CMAKE_PREFIX_PATH=${CMAKE_PREFIX_PATH}:/home/mahmudch/car_ws/install/car_py_pkg:/home/mahmudch/mibot_ws/install/mibot_py_pkg:/home/mahmudch/ros2_ws/install/simple_py_pkg:/home/mahmudch/ros2_ws/install/lidar_py_pkg:/home/mahmudch/ros2_ws/install/car_homework_py_pkg:/opt/ros/humble /usr/bin/cmake --install /home/mahmudch/car_ws/build/car_bringup
