-- Install configuration: ""
-- Execute custom install script
-- Up-to-date symlink: /home/mahmudch/car_ws/install/car_description/share/car_description//launch/display.launch.py
-- Up-to-date symlink: /home/mahmudch/car_ws/install/car_description/share/car_description//launch/display.launch.xml
-- Up-to-date symlink: /home/mahmudch/car_ws/install/car_description/share/car_description//xacro/camera.xacro
-- Up-to-date symlink: /home/mahmudch/car_ws/install/car_description/share/car_description//xacro/car.xacro
-- Up-to-date symlink: /home/mahmudch/car_ws/install/car_description/share/car_description//xacro/gps.xml
-- Up-to-date symlink: /home/mahmudch/car_ws/install/car_description/share/car_description//xacro/imu.xml
-- Up-to-date symlink: /home/mahmudch/car_ws/install/car_description/share/car_description//xacro/lidar.xacro
-- Up-to-date symlink: /home/mahmudch/car_ws/install/car_description/share/car_description//xacro/macro.xacro
-- Up-to-date symlink: /home/mahmudch/car_ws/install/car_description/share/car_description//xacro/main.xacro
-- Up-to-date symlink: /home/mahmudch/car_ws/install/car_description/share/car_description//xacro/material.xacro
-- Up-to-date symlink: /home/mahmudch/car_ws/install/car_description/share/car_description//xacro/properties.xacro
-- Up-to-date symlink: /home/mahmudch/car_ws/install/car_description/share/car_description//xacro/properties_gazebo.xacro
-- Up-to-date symlink: /home/mahmudch/car_ws/install/car_description/share/car_description//rviz/xacro_config.rviz
-- Up-to-date symlink: /home/mahmudch/car_ws/install/car_description/share/ament_index/resource_index/package_run_dependencies/car_description
-- Up-to-date symlink: /home/mahmudch/car_ws/install/car_description/share/ament_index/resource_index/parent_prefix_path/car_description
-- Up-to-date symlink: /home/mahmudch/car_ws/install/car_description/share/car_description/environment/ament_prefix_path.sh
-- Up-to-date symlink: /home/mahmudch/car_ws/install/car_description/share/car_description/environment/ament_prefix_path.dsv
-- Up-to-date symlink: /home/mahmudch/car_ws/install/car_description/share/car_description/environment/path.sh
-- Up-to-date symlink: /home/mahmudch/car_ws/install/car_description/share/car_description/environment/path.dsv
-- Up-to-date symlink: /home/mahmudch/car_ws/install/car_description/share/car_description/local_setup.bash
-- Up-to-date symlink: /home/mahmudch/car_ws/install/car_description/share/car_description/local_setup.sh
-- Up-to-date symlink: /home/mahmudch/car_ws/install/car_description/share/car_description/local_setup.zsh
-- Up-to-date symlink: /home/mahmudch/car_ws/install/car_description/share/car_description/local_setup.dsv
-- Symlinking: /home/mahmudch/car_ws/install/car_description/share/car_description/package.dsv
-- Up-to-date symlink: /home/mahmudch/car_ws/install/car_description/share/ament_index/resource_index/packages/car_description
-- Up-to-date symlink: /home/mahmudch/car_ws/install/car_description/share/car_description/cmake/car_descriptionConfig.cmake
-- Up-to-date symlink: /home/mahmudch/car_ws/install/car_description/share/car_description/cmake/car_descriptionConfig-version.cmake
-- Up-to-date symlink: /home/mahmudch/car_ws/install/car_description/share/car_description/package.xml
