-- Install configuration: ""
-- Execute custom install script
-- Symlinking: /home/mahmudch/car_ws/install/car_bringup/share/car_bringup//launch/car.launch.py
-- Up-to-date symlink: /home/mahmudch/car_ws/install/car_bringup/share/car_bringup//launch/car.launch.xml
-- Up-to-date symlink: /home/mahmudch/car_ws/install/car_bringup/share/car_bringup//rviz/xacro_config.rviz
-- Up-to-date symlink: /home/mahmudch/car_ws/install/car_bringup/share/car_bringup//worlds/test_world.world
-- Up-to-date symlink: /home/mahmudch/car_ws/install/car_bringup/share/ament_index/resource_index/package_run_dependencies/car_bringup
-- Up-to-date symlink: /home/mahmudch/car_ws/install/car_bringup/share/ament_index/resource_index/parent_prefix_path/car_bringup
-- Up-to-date symlink: /home/mahmudch/car_ws/install/car_bringup/share/car_bringup/environment/ament_prefix_path.sh
-- Up-to-date symlink: /home/mahmudch/car_ws/install/car_bringup/share/car_bringup/environment/ament_prefix_path.dsv
-- Up-to-date symlink: /home/mahmudch/car_ws/install/car_bringup/share/car_bringup/environment/path.sh
-- Up-to-date symlink: /home/mahmudch/car_ws/install/car_bringup/share/car_bringup/environment/path.dsv
-- Up-to-date symlink: /home/mahmudch/car_ws/install/car_bringup/share/car_bringup/local_setup.bash
-- Up-to-date symlink: /home/mahmudch/car_ws/install/car_bringup/share/car_bringup/local_setup.sh
-- Up-to-date symlink: /home/mahmudch/car_ws/install/car_bringup/share/car_bringup/local_setup.zsh
-- Up-to-date symlink: /home/mahmudch/car_ws/install/car_bringup/share/car_bringup/local_setup.dsv
-- Symlinking: /home/mahmudch/car_ws/install/car_bringup/share/car_bringup/package.dsv
-- Up-to-date symlink: /home/mahmudch/car_ws/install/car_bringup/share/ament_index/resource_index/packages/car_bringup
-- Up-to-date symlink: /home/mahmudch/car_ws/install/car_bringup/share/car_bringup/cmake/car_bringupConfig.cmake
-- Up-to-date symlink: /home/mahmudch/car_ws/install/car_bringup/share/car_bringup/cmake/car_bringupConfig-version.cmake
-- Up-to-date symlink: /home/mahmudch/car_ws/install/car_bringup/share/car_bringup/package.xml
