running develop
running egg_info
creating car_py_pkg.egg-info
writing car_py_pkg.egg-info/PKG-INFO
writing dependency_links to car_py_pkg.egg-info/dependency_links.txt
writing entry points to car_py_pkg.egg-info/entry_points.txt
writing requirements to car_py_pkg.egg-info/requires.txt
writing top-level names to car_py_pkg.egg-info/top_level.txt
writing manifest file 'car_py_pkg.egg-info/SOURCES.txt'
reading manifest file 'car_py_pkg.egg-info/SOURCES.txt'
writing manifest file 'car_py_pkg.egg-info/SOURCES.txt'
running build_ext
Creating /home/mahmudch/car_ws/install/car_py_pkg/lib/python3.10/site-packages/car-py-pkg.egg-link (link to .)
Installing controller_node script to /home/mahmudch/car_ws/install/car_py_pkg/lib/car_py_pkg
Installing movement_node script to /home/mahmudch/car_ws/install/car_py_pkg/lib/car_py_pkg

Installed /home/mahmudch/car_ws/build/car_py_pkg
running symlink_data
creating /home/mahmudch/car_ws/install/car_py_pkg/share/ament_index
creating /home/mahmudch/car_ws/install/car_py_pkg/share/ament_index/resource_index
creating /home/mahmudch/car_ws/install/car_py_pkg/share/ament_index/resource_index/packages
symbolically linking /home/mahmudch/car_ws/build/car_py_pkg/resource/car_py_pkg -> /home/mahmudch/car_ws/install/car_py_pkg/share/ament_index/resource_index/packages
symbolically linking /home/mahmudch/car_ws/build/car_py_pkg/package.xml -> /home/mahmudch/car_ws/install/car_py_pkg/share/car_py_pkg
