[0.142s] DEBUG:colcon:Command line arguments: ['/usr/bin/colcon', 'build', '--symlink-install']
[0.142s] DEBUG:colcon:Parsed command line arguments: Namespace(log_base=None, log_level=None, verb_name='build', build_base='build', install_base='install', merge_install=False, symlink_install=True, test_result_base=None, continue_on_error=False, executor='parallel', parallel_workers=12, event_handlers=None, ignore_user_meta=False, metas=['./colcon.meta'], base_paths=['.'], packages_ignore=None, packages_ignore_regex=None, paths=None, packages_up_to=None, packages_up_to_regex=None, packages_above=None, packages_above_and_dependencies=None, packages_above_depth=None, packages_select_by_dep=None, packages_skip_by_dep=None, packages_skip_up_to=None, packages_select_build_failed=False, packages_skip_build_finished=False, packages_select_test_failures=False, packages_skip_test_passed=False, packages_select=None, packages_skip=None, packages_select_regex=None, packages_skip_regex=None, packages_start=None, packages_end=None, allow_overriding=[], cmake_args=None, cmake_target=None, cmake_target_skip_unavailable=False, cmake_clean_cache=False, cmake_clean_first=False, cmake_force_configure=False, ament_cmake_args=None, catkin_cmake_args=None, catkin_skip_building_tests=False, verb_parser=<colcon_defaults.argument_parser.defaults.DefaultArgumentsDecorator object at 0x7eb201f4aec0>, verb_extension=<colcon_core.verb.build.BuildVerb object at 0x7eb201f4a8c0>, main=<bound method BuildVerb.main of <colcon_core.verb.build.BuildVerb object at 0x7eb201f4a8c0>>)
[0.352s] Level 1:colcon.colcon_core.package_discovery:discover_packages(colcon_meta) check parameters
[0.352s] Level 1:colcon.colcon_core.package_discovery:discover_packages(recursive) check parameters
[0.352s] Level 1:colcon.colcon_core.package_discovery:discover_packages(ignore) check parameters
[0.352s] Level 1:colcon.colcon_core.package_discovery:discover_packages(path) check parameters
[0.352s] Level 1:colcon.colcon_core.package_discovery:discover_packages(colcon_meta) discover
[0.352s] Level 1:colcon.colcon_core.package_discovery:discover_packages(recursive) discover
[0.352s] INFO:colcon.colcon_core.package_discovery:Crawling recursively for packages in '/home/mahmudch/car_ws'
[0.352s] Level 1:colcon.colcon_core.package_identification:_identify(.) by extensions ['ignore', 'ignore_ament_install']
[0.352s] Level 1:colcon.colcon_core.package_identification:_identify(.) by extension 'ignore'
[0.352s] Level 1:colcon.colcon_core.package_identification:_identify(.) by extension 'ignore_ament_install'
[0.352s] Level 1:colcon.colcon_core.package_identification:_identify(.) by extensions ['colcon_pkg']
[0.352s] Level 1:colcon.colcon_core.package_identification:_identify(.) by extension 'colcon_pkg'
[0.352s] Level 1:colcon.colcon_core.package_identification:_identify(.) by extensions ['colcon_meta']
[0.352s] Level 1:colcon.colcon_core.package_identification:_identify(.) by extension 'colcon_meta'
[0.352s] Level 1:colcon.colcon_core.package_identification:_identify(.) by extensions ['ros']
[0.352s] Level 1:colcon.colcon_core.package_identification:_identify(.) by extension 'ros'
[0.369s] Level 1:colcon.colcon_core.package_identification:_identify(.) by extensions ['cmake', 'python']
[0.369s] Level 1:colcon.colcon_core.package_identification:_identify(.) by extension 'cmake'
[0.369s] Level 1:colcon.colcon_core.package_identification:_identify(.) by extension 'python'
[0.369s] Level 1:colcon.colcon_core.package_identification:_identify(.) by extensions ['python_setup_py']
[0.369s] Level 1:colcon.colcon_core.package_identification:_identify(.) by extension 'python_setup_py'
[0.369s] Level 1:colcon.colcon_core.package_identification:_identify(build) by extensions ['ignore', 'ignore_ament_install']
[0.369s] Level 1:colcon.colcon_core.package_identification:_identify(build) by extension 'ignore'
[0.369s] Level 1:colcon.colcon_core.package_identification:_identify(build) ignored
[0.370s] Level 1:colcon.colcon_core.package_identification:_identify(install) by extensions ['ignore', 'ignore_ament_install']
[0.370s] Level 1:colcon.colcon_core.package_identification:_identify(install) by extension 'ignore'
[0.370s] Level 1:colcon.colcon_core.package_identification:_identify(install) ignored
[0.370s] Level 1:colcon.colcon_core.package_identification:_identify(log) by extensions ['ignore', 'ignore_ament_install']
[0.370s] Level 1:colcon.colcon_core.package_identification:_identify(log) by extension 'ignore'
[0.370s] Level 1:colcon.colcon_core.package_identification:_identify(log) ignored
[0.370s] Level 1:colcon.colcon_core.package_identification:_identify(src) by extensions ['ignore', 'ignore_ament_install']
[0.370s] Level 1:colcon.colcon_core.package_identification:_identify(src) by extension 'ignore'
[0.370s] Level 1:colcon.colcon_core.package_identification:_identify(src) by extension 'ignore_ament_install'
[0.370s] Level 1:colcon.colcon_core.package_identification:_identify(src) by extensions ['colcon_pkg']
[0.370s] Level 1:colcon.colcon_core.package_identification:_identify(src) by extension 'colcon_pkg'
[0.370s] Level 1:colcon.colcon_core.package_identification:_identify(src) by extensions ['colcon_meta']
[0.370s] Level 1:colcon.colcon_core.package_identification:_identify(src) by extension 'colcon_meta'
[0.370s] Level 1:colcon.colcon_core.package_identification:_identify(src) by extensions ['ros']
[0.370s] Level 1:colcon.colcon_core.package_identification:_identify(src) by extension 'ros'
[0.370s] Level 1:colcon.colcon_core.package_identification:_identify(src) by extensions ['cmake', 'python']
[0.370s] Level 1:colcon.colcon_core.package_identification:_identify(src) by extension 'cmake'
[0.370s] Level 1:colcon.colcon_core.package_identification:_identify(src) by extension 'python'
[0.371s] Level 1:colcon.colcon_core.package_identification:_identify(src) by extensions ['python_setup_py']
[0.371s] Level 1:colcon.colcon_core.package_identification:_identify(src) by extension 'python_setup_py'
[0.371s] Level 1:colcon.colcon_core.package_identification:_identify(src/car_bringup) by extensions ['ignore', 'ignore_ament_install']
[0.371s] Level 1:colcon.colcon_core.package_identification:_identify(src/car_bringup) by extension 'ignore'
[0.371s] Level 1:colcon.colcon_core.package_identification:_identify(src/car_bringup) by extension 'ignore_ament_install'
[0.371s] Level 1:colcon.colcon_core.package_identification:_identify(src/car_bringup) by extensions ['colcon_pkg']
[0.371s] Level 1:colcon.colcon_core.package_identification:_identify(src/car_bringup) by extension 'colcon_pkg'
[0.371s] Level 1:colcon.colcon_core.package_identification:_identify(src/car_bringup) by extensions ['colcon_meta']
[0.371s] Level 1:colcon.colcon_core.package_identification:_identify(src/car_bringup) by extension 'colcon_meta'
[0.371s] Level 1:colcon.colcon_core.package_identification:_identify(src/car_bringup) by extensions ['ros']
[0.371s] Level 1:colcon.colcon_core.package_identification:_identify(src/car_bringup) by extension 'ros'
[0.373s] DEBUG:colcon.colcon_core.package_identification:Package 'src/car_bringup' with type 'ros.ament_cmake' and name 'car_bringup'
[0.373s] Level 1:colcon.colcon_core.package_identification:_identify(src/car_description) by extensions ['ignore', 'ignore_ament_install']
[0.373s] Level 1:colcon.colcon_core.package_identification:_identify(src/car_description) by extension 'ignore'
[0.373s] Level 1:colcon.colcon_core.package_identification:_identify(src/car_description) by extension 'ignore_ament_install'
[0.373s] Level 1:colcon.colcon_core.package_identification:_identify(src/car_description) by extensions ['colcon_pkg']
[0.373s] Level 1:colcon.colcon_core.package_identification:_identify(src/car_description) by extension 'colcon_pkg'
[0.373s] Level 1:colcon.colcon_core.package_identification:_identify(src/car_description) by extensions ['colcon_meta']
[0.373s] Level 1:colcon.colcon_core.package_identification:_identify(src/car_description) by extension 'colcon_meta'
[0.373s] Level 1:colcon.colcon_core.package_identification:_identify(src/car_description) by extensions ['ros']
[0.373s] Level 1:colcon.colcon_core.package_identification:_identify(src/car_description) by extension 'ros'
[0.375s] DEBUG:colcon.colcon_core.package_identification:Package 'src/car_description' with type 'ros.ament_cmake' and name 'car_description'
[0.376s] Level 1:colcon.colcon_core.package_identification:_identify(src/car_py_pkg) by extensions ['ignore', 'ignore_ament_install']
[0.376s] Level 1:colcon.colcon_core.package_identification:_identify(src/car_py_pkg) by extension 'ignore'
[0.376s] Level 1:colcon.colcon_core.package_identification:_identify(src/car_py_pkg) by extension 'ignore_ament_install'
[0.376s] Level 1:colcon.colcon_core.package_identification:_identify(src/car_py_pkg) by extensions ['colcon_pkg']
[0.376s] Level 1:colcon.colcon_core.package_identification:_identify(src/car_py_pkg) by extension 'colcon_pkg'
[0.376s] Level 1:colcon.colcon_core.package_identification:_identify(src/car_py_pkg) by extensions ['colcon_meta']
[0.376s] Level 1:colcon.colcon_core.package_identification:_identify(src/car_py_pkg) by extension 'colcon_meta'
[0.376s] Level 1:colcon.colcon_core.package_identification:_identify(src/car_py_pkg) by extensions ['ros']
[0.376s] Level 1:colcon.colcon_core.package_identification:_identify(src/car_py_pkg) by extension 'ros'
[0.379s] DEBUG:colcon.colcon_core.package_identification:Package 'src/car_py_pkg' with type 'ros.ament_python' and name 'car_py_pkg'
[0.379s] Level 1:colcon.colcon_core.package_discovery:discover_packages(recursive) using defaults
[0.379s] Level 1:colcon.colcon_core.package_discovery:discover_packages(ignore) discover
[0.379s] Level 1:colcon.colcon_core.package_discovery:discover_packages(ignore) using defaults
[0.379s] Level 1:colcon.colcon_core.package_discovery:discover_packages(path) discover
[0.379s] Level 1:colcon.colcon_core.package_discovery:discover_packages(path) using defaults
[0.422s] Level 1:colcon.colcon_core.package_discovery:discover_packages(prefix_path) check parameters
[0.423s] Level 1:colcon.colcon_core.package_discovery:discover_packages(prefix_path) discover
[0.429s] DEBUG:colcon.colcon_installed_package_information.package_discovery:Found 3 installed packages in /home/mahmudch/car_ws/install
[0.429s] DEBUG:colcon.colcon_installed_package_information.package_discovery:Found 8 installed packages in /home/mahmudch/ros2_ws/install
[0.430s] DEBUG:colcon.colcon_installed_package_information.package_discovery:Found 3 installed packages in /home/mahmudch/mibot_ws/install
[0.431s] DEBUG:colcon.colcon_installed_package_information.package_discovery:Found 445 installed packages in /opt/ros/humble
[0.433s] Level 1:colcon.colcon_core.package_discovery:discover_packages(prefix_path) using defaults
[0.502s] Level 5:colcon.colcon_core.verb:set package 'car_bringup' build argument 'cmake_args' from command line to 'None'
[0.502s] Level 5:colcon.colcon_core.verb:set package 'car_bringup' build argument 'cmake_target' from command line to 'None'
[0.502s] Level 5:colcon.colcon_core.verb:set package 'car_bringup' build argument 'cmake_target_skip_unavailable' from command line to 'False'
[0.502s] Level 5:colcon.colcon_core.verb:set package 'car_bringup' build argument 'cmake_clean_cache' from command line to 'False'
[0.502s] Level 5:colcon.colcon_core.verb:set package 'car_bringup' build argument 'cmake_clean_first' from command line to 'False'
[0.502s] Level 5:colcon.colcon_core.verb:set package 'car_bringup' build argument 'cmake_force_configure' from command line to 'False'
[0.502s] Level 5:colcon.colcon_core.verb:set package 'car_bringup' build argument 'ament_cmake_args' from command line to 'None'
[0.502s] Level 5:colcon.colcon_core.verb:set package 'car_bringup' build argument 'catkin_cmake_args' from command line to 'None'
[0.502s] Level 5:colcon.colcon_core.verb:set package 'car_bringup' build argument 'catkin_skip_building_tests' from command line to 'False'
[0.502s] DEBUG:colcon.colcon_core.verb:Building package 'car_bringup' with the following arguments: {'ament_cmake_args': None, 'build_base': '/home/mahmudch/car_ws/build/car_bringup', 'catkin_cmake_args': None, 'catkin_skip_building_tests': False, 'cmake_args': None, 'cmake_clean_cache': False, 'cmake_clean_first': False, 'cmake_force_configure': False, 'cmake_target': None, 'cmake_target_skip_unavailable': False, 'install_base': '/home/mahmudch/car_ws/install/car_bringup', 'merge_install': False, 'path': '/home/mahmudch/car_ws/src/car_bringup', 'symlink_install': True, 'test_result_base': None}
[0.503s] Level 5:colcon.colcon_core.verb:set package 'car_description' build argument 'cmake_args' from command line to 'None'
[0.503s] Level 5:colcon.colcon_core.verb:set package 'car_description' build argument 'cmake_target' from command line to 'None'
[0.503s] Level 5:colcon.colcon_core.verb:set package 'car_description' build argument 'cmake_target_skip_unavailable' from command line to 'False'
[0.503s] Level 5:colcon.colcon_core.verb:set package 'car_description' build argument 'cmake_clean_cache' from command line to 'False'
[0.503s] Level 5:colcon.colcon_core.verb:set package 'car_description' build argument 'cmake_clean_first' from command line to 'False'
[0.503s] Level 5:colcon.colcon_core.verb:set package 'car_description' build argument 'cmake_force_configure' from command line to 'False'
[0.503s] Level 5:colcon.colcon_core.verb:set package 'car_description' build argument 'ament_cmake_args' from command line to 'None'
[0.503s] Level 5:colcon.colcon_core.verb:set package 'car_description' build argument 'catkin_cmake_args' from command line to 'None'
[0.503s] Level 5:colcon.colcon_core.verb:set package 'car_description' build argument 'catkin_skip_building_tests' from command line to 'False'
[0.503s] DEBUG:colcon.colcon_core.verb:Building package 'car_description' with the following arguments: {'ament_cmake_args': None, 'build_base': '/home/mahmudch/car_ws/build/car_description', 'catkin_cmake_args': None, 'catkin_skip_building_tests': False, 'cmake_args': None, 'cmake_clean_cache': False, 'cmake_clean_first': False, 'cmake_force_configure': False, 'cmake_target': None, 'cmake_target_skip_unavailable': False, 'install_base': '/home/mahmudch/car_ws/install/car_description', 'merge_install': False, 'path': '/home/mahmudch/car_ws/src/car_description', 'symlink_install': True, 'test_result_base': None}
[0.504s] Level 5:colcon.colcon_core.verb:set package 'car_py_pkg' build argument 'cmake_args' from command line to 'None'
[0.504s] Level 5:colcon.colcon_core.verb:set package 'car_py_pkg' build argument 'cmake_target' from command line to 'None'
[0.504s] Level 5:colcon.colcon_core.verb:set package 'car_py_pkg' build argument 'cmake_target_skip_unavailable' from command line to 'False'
[0.504s] Level 5:colcon.colcon_core.verb:set package 'car_py_pkg' build argument 'cmake_clean_cache' from command line to 'False'
[0.504s] Level 5:colcon.colcon_core.verb:set package 'car_py_pkg' build argument 'cmake_clean_first' from command line to 'False'
[0.504s] Level 5:colcon.colcon_core.verb:set package 'car_py_pkg' build argument 'cmake_force_configure' from command line to 'False'
[0.504s] Level 5:colcon.colcon_core.verb:set package 'car_py_pkg' build argument 'ament_cmake_args' from command line to 'None'
[0.504s] Level 5:colcon.colcon_core.verb:set package 'car_py_pkg' build argument 'catkin_cmake_args' from command line to 'None'
[0.504s] Level 5:colcon.colcon_core.verb:set package 'car_py_pkg' build argument 'catkin_skip_building_tests' from command line to 'False'
[0.504s] DEBUG:colcon.colcon_core.verb:Building package 'car_py_pkg' with the following arguments: {'ament_cmake_args': None, 'build_base': '/home/mahmudch/car_ws/build/car_py_pkg', 'catkin_cmake_args': None, 'catkin_skip_building_tests': False, 'cmake_args': None, 'cmake_clean_cache': False, 'cmake_clean_first': False, 'cmake_force_configure': False, 'cmake_target': None, 'cmake_target_skip_unavailable': False, 'install_base': '/home/mahmudch/car_ws/install/car_py_pkg', 'merge_install': False, 'path': '/home/mahmudch/car_ws/src/car_py_pkg', 'symlink_install': True, 'test_result_base': None}
[0.504s] INFO:colcon.colcon_core.executor:Executing jobs using 'parallel' executor
[0.506s] DEBUG:colcon.colcon_parallel_executor.executor.parallel:run_until_complete
[0.506s] INFO:colcon.colcon_ros.task.ament_cmake.build:Building ROS package in '/home/mahmudch/car_ws/src/car_bringup' with build type 'ament_cmake'
[0.507s] INFO:colcon.colcon_cmake.task.cmake.build:Building CMake package in '/home/mahmudch/car_ws/src/car_bringup'
[0.511s] INFO:colcon.colcon_core.plugin_system:Skipping extension 'colcon_core.shell.bat': Not used on non-Windows systems
[0.511s] INFO:colcon.colcon_core.shell:Skip shell extension 'powershell' for command environment: Not usable outside of PowerShell
[0.511s] DEBUG:colcon.colcon_core.shell:Skip shell extension 'dsv' for command environment
[0.515s] INFO:colcon.colcon_ros.task.ament_cmake.build:Building ROS package in '/home/mahmudch/car_ws/src/car_description' with build type 'ament_cmake'
[0.515s] INFO:colcon.colcon_cmake.task.cmake.build:Building CMake package in '/home/mahmudch/car_ws/src/car_description'
[0.515s] INFO:colcon.colcon_core.shell:Skip shell extension 'powershell' for command environment: Not usable outside of PowerShell
[0.515s] DEBUG:colcon.colcon_core.shell:Skip shell extension 'dsv' for command environment
[0.525s] INFO:colcon.colcon_ros.task.ament_python.build:Building ROS package in '/home/mahmudch/car_ws/src/car_py_pkg' with build type 'ament_python'
[0.525s] Level 1:colcon.colcon_core.shell:create_environment_hook('car_py_pkg', 'ament_prefix_path')
[0.525s] INFO:colcon.colcon_core.shell:Creating environment hook '/home/mahmudch/car_ws/install/car_py_pkg/share/car_py_pkg/hook/ament_prefix_path.ps1'
[0.526s] INFO:colcon.colcon_core.shell:Creating environment descriptor '/home/mahmudch/car_ws/install/car_py_pkg/share/car_py_pkg/hook/ament_prefix_path.dsv'
[0.527s] INFO:colcon.colcon_core.shell:Creating environment hook '/home/mahmudch/car_ws/install/car_py_pkg/share/car_py_pkg/hook/ament_prefix_path.sh'
[0.528s] INFO:colcon.colcon_core.shell:Skip shell extension 'powershell' for command environment: Not usable outside of PowerShell
[0.528s] DEBUG:colcon.colcon_core.shell:Skip shell extension 'dsv' for command environment
[0.542s] DEBUG:colcon.colcon_core.event_handler.log_command:Invoking command in '/home/mahmudch/car_ws/build/car_bringup': CMAKE_PREFIX_PATH=${CMAKE_PREFIX_PATH}:/home/mahmudch/car_ws/install/car_py_pkg:/home/mahmudch/mibot_ws/install/mibot_py_pkg:/home/mahmudch/ros2_ws/install/simple_py_pkg:/home/mahmudch/ros2_ws/install/lidar_py_pkg:/home/mahmudch/ros2_ws/install/car_homework_py_pkg:/opt/ros/humble /usr/bin/cmake --build /home/mahmudch/car_ws/build/car_bringup -- -j12 -l12
[0.546s] DEBUG:colcon.colcon_core.event_handler.log_command:Invoking command in '/home/mahmudch/car_ws/build/car_description': CMAKE_PREFIX_PATH=${CMAKE_PREFIX_PATH}:/home/mahmudch/car_ws/install/car_py_pkg:/home/mahmudch/mibot_ws/install/mibot_py_pkg:/home/mahmudch/ros2_ws/install/simple_py_pkg:/home/mahmudch/ros2_ws/install/lidar_py_pkg:/home/mahmudch/ros2_ws/install/car_homework_py_pkg:/opt/ros/humble /usr/bin/cmake --build /home/mahmudch/car_ws/build/car_description -- -j12 -l12
[0.908s] INFO:colcon.colcon_core.task.python.build:Building Python package in '/home/mahmudch/car_ws/src/car_py_pkg'
[0.908s] INFO:colcon.colcon_core.shell:Skip shell extension 'powershell' for command environment: Not usable outside of PowerShell
[0.908s] DEBUG:colcon.colcon_core.shell:Skip shell extension 'dsv' for command environment
[0.914s] DEBUG:colcon.colcon_core.event_handler.log_command:Invoked command in '/home/mahmudch/car_ws/build/car_bringup' returned '0': CMAKE_PREFIX_PATH=${CMAKE_PREFIX_PATH}:/home/mahmudch/car_ws/install/car_py_pkg:/home/mahmudch/mibot_ws/install/mibot_py_pkg:/home/mahmudch/ros2_ws/install/simple_py_pkg:/home/mahmudch/ros2_ws/install/lidar_py_pkg:/home/mahmudch/ros2_ws/install/car_homework_py_pkg:/opt/ros/humble /usr/bin/cmake --build /home/mahmudch/car_ws/build/car_bringup -- -j12 -l12
[0.922s] DEBUG:colcon.colcon_core.event_handler.log_command:Invoking command in '/home/mahmudch/car_ws/build/car_bringup': CMAKE_PREFIX_PATH=${CMAKE_PREFIX_PATH}:/home/mahmudch/car_ws/install/car_py_pkg:/home/mahmudch/mibot_ws/install/mibot_py_pkg:/home/mahmudch/ros2_ws/install/simple_py_pkg:/home/mahmudch/ros2_ws/install/lidar_py_pkg:/home/mahmudch/ros2_ws/install/car_homework_py_pkg:/opt/ros/humble /usr/bin/cmake --install /home/mahmudch/car_ws/build/car_bringup
[0.923s] DEBUG:colcon.colcon_core.event_handler.log_command:Invoked command in '/home/mahmudch/car_ws/build/car_description' returned '0': CMAKE_PREFIX_PATH=${CMAKE_PREFIX_PATH}:/home/mahmudch/car_ws/install/car_py_pkg:/home/mahmudch/mibot_ws/install/mibot_py_pkg:/home/mahmudch/ros2_ws/install/simple_py_pkg:/home/mahmudch/ros2_ws/install/lidar_py_pkg:/home/mahmudch/ros2_ws/install/car_homework_py_pkg:/opt/ros/humble /usr/bin/cmake --build /home/mahmudch/car_ws/build/car_description -- -j12 -l12
[0.924s] DEBUG:colcon.colcon_core.event_handler.log_command:Invoking command in '/home/mahmudch/car_ws/build/car_description': CMAKE_PREFIX_PATH=${CMAKE_PREFIX_PATH}:/home/mahmudch/car_ws/install/car_py_pkg:/home/mahmudch/mibot_ws/install/mibot_py_pkg:/home/mahmudch/ros2_ws/install/simple_py_pkg:/home/mahmudch/ros2_ws/install/lidar_py_pkg:/home/mahmudch/ros2_ws/install/car_homework_py_pkg:/opt/ros/humble /usr/bin/cmake --install /home/mahmudch/car_ws/build/car_description
[0.949s] Level 1:colcon.colcon_core.environment:create_environment_scripts_only(car_bringup)
[0.950s] DEBUG:colcon.colcon_core.event_handler.log_command:Invoked command in '/home/mahmudch/car_ws/build/car_bringup' returned '0': CMAKE_PREFIX_PATH=${CMAKE_PREFIX_PATH}:/home/mahmudch/car_ws/install/car_py_pkg:/home/mahmudch/mibot_ws/install/mibot_py_pkg:/home/mahmudch/ros2_ws/install/simple_py_pkg:/home/mahmudch/ros2_ws/install/lidar_py_pkg:/home/mahmudch/ros2_ws/install/car_homework_py_pkg:/opt/ros/humble /usr/bin/cmake --install /home/mahmudch/car_ws/build/car_bringup
[0.953s] Level 1:colcon.colcon_core.environment:checking '/home/mahmudch/car_ws/install/car_bringup' for CMake module files
[0.953s] Level 1:colcon.colcon_core.environment:checking '/home/mahmudch/car_ws/install/car_bringup' for CMake config files
[0.954s] Level 1:colcon.colcon_core.shell:create_environment_hook('car_bringup', 'cmake_prefix_path')
[0.954s] INFO:colcon.colcon_core.shell:Creating environment hook '/home/mahmudch/car_ws/install/car_bringup/share/car_bringup/hook/cmake_prefix_path.ps1'
[0.954s] INFO:colcon.colcon_core.shell:Creating environment descriptor '/home/mahmudch/car_ws/install/car_bringup/share/car_bringup/hook/cmake_prefix_path.dsv'
[0.955s] INFO:colcon.colcon_core.shell:Creating environment hook '/home/mahmudch/car_ws/install/car_bringup/share/car_bringup/hook/cmake_prefix_path.sh'
[0.958s] Level 1:colcon.colcon_core.environment:checking '/home/mahmudch/car_ws/install/car_bringup/bin'
[0.958s] Level 1:colcon.colcon_core.environment:checking '/home/mahmudch/car_ws/install/car_bringup/lib/pkgconfig/car_bringup.pc'
[0.959s] Level 1:colcon.colcon_core.environment:checking '/home/mahmudch/car_ws/install/car_bringup/lib/python3.10/site-packages'
[0.961s] Level 1:colcon.colcon_core.environment:checking '/home/mahmudch/car_ws/install/car_bringup/bin'
[0.962s] INFO:colcon.colcon_core.shell:Creating package script '/home/mahmudch/car_ws/install/car_bringup/share/car_bringup/package.ps1'
[0.963s] INFO:colcon.colcon_core.shell:Creating package descriptor '/home/mahmudch/car_ws/install/car_bringup/share/car_bringup/package.dsv'
[0.963s] INFO:colcon.colcon_core.shell:Creating package script '/home/mahmudch/car_ws/install/car_bringup/share/car_bringup/package.sh'
[0.964s] INFO:colcon.colcon_core.shell:Creating package script '/home/mahmudch/car_ws/install/car_bringup/share/car_bringup/package.bash'
[0.965s] INFO:colcon.colcon_core.shell:Creating package script '/home/mahmudch/car_ws/install/car_bringup/share/car_bringup/package.zsh'
[0.967s] Level 1:colcon.colcon_core.environment:create_file_with_runtime_dependencies(/home/mahmudch/car_ws/install/car_bringup/share/colcon-core/packages/car_bringup)
[0.970s] Level 1:colcon.colcon_core.environment:create_environment_scripts_only(car_bringup)
[0.971s] Level 1:colcon.colcon_core.environment:checking '/home/mahmudch/car_ws/install/car_bringup' for CMake module files
[0.973s] Level 1:colcon.colcon_core.environment:checking '/home/mahmudch/car_ws/install/car_bringup' for CMake config files
[0.974s] Level 1:colcon.colcon_core.shell:create_environment_hook('car_bringup', 'cmake_prefix_path')
[0.974s] INFO:colcon.colcon_core.shell:Creating environment hook '/home/mahmudch/car_ws/install/car_bringup/share/car_bringup/hook/cmake_prefix_path.ps1'
[0.975s] INFO:colcon.colcon_core.shell:Creating environment descriptor '/home/mahmudch/car_ws/install/car_bringup/share/car_bringup/hook/cmake_prefix_path.dsv'
[0.975s] INFO:colcon.colcon_core.shell:Creating environment hook '/home/mahmudch/car_ws/install/car_bringup/share/car_bringup/hook/cmake_prefix_path.sh'
[0.976s] Level 1:colcon.colcon_core.environment:checking '/home/mahmudch/car_ws/install/car_bringup/bin'
[0.976s] Level 1:colcon.colcon_core.environment:checking '/home/mahmudch/car_ws/install/car_bringup/lib/pkgconfig/car_bringup.pc'
[0.976s] Level 1:colcon.colcon_core.environment:checking '/home/mahmudch/car_ws/install/car_bringup/lib/python3.10/site-packages'
[0.976s] Level 1:colcon.colcon_core.environment:checking '/home/mahmudch/car_ws/install/car_bringup/bin'
[0.977s] INFO:colcon.colcon_core.shell:Creating package script '/home/mahmudch/car_ws/install/car_bringup/share/car_bringup/package.ps1'
[0.977s] INFO:colcon.colcon_core.shell:Creating package descriptor '/home/mahmudch/car_ws/install/car_bringup/share/car_bringup/package.dsv'
[0.978s] INFO:colcon.colcon_core.shell:Creating package script '/home/mahmudch/car_ws/install/car_bringup/share/car_bringup/package.sh'
[0.978s] INFO:colcon.colcon_core.shell:Creating package script '/home/mahmudch/car_ws/install/car_bringup/share/car_bringup/package.bash'
[0.978s] INFO:colcon.colcon_core.shell:Creating package script '/home/mahmudch/car_ws/install/car_bringup/share/car_bringup/package.zsh'
[0.979s] Level 1:colcon.colcon_core.environment:create_file_with_runtime_dependencies(/home/mahmudch/car_ws/install/car_bringup/share/colcon-core/packages/car_bringup)
[0.979s] Level 1:colcon.colcon_core.environment:create_environment_scripts_only(car_description)
[0.979s] Level 1:colcon.colcon_core.environment:checking '/home/mahmudch/car_ws/install/car_description' for CMake module files
[0.980s] DEBUG:colcon.colcon_core.event_handler.log_command:Invoked command in '/home/mahmudch/car_ws/build/car_description' returned '0': CMAKE_PREFIX_PATH=${CMAKE_PREFIX_PATH}:/home/mahmudch/car_ws/install/car_py_pkg:/home/mahmudch/mibot_ws/install/mibot_py_pkg:/home/mahmudch/ros2_ws/install/simple_py_pkg:/home/mahmudch/ros2_ws/install/lidar_py_pkg:/home/mahmudch/ros2_ws/install/car_homework_py_pkg:/opt/ros/humble /usr/bin/cmake --install /home/mahmudch/car_ws/build/car_description
[0.980s] Level 1:colcon.colcon_core.environment:checking '/home/mahmudch/car_ws/install/car_description' for CMake config files
[0.981s] Level 1:colcon.colcon_core.shell:create_environment_hook('car_description', 'cmake_prefix_path')
[0.981s] INFO:colcon.colcon_core.shell:Creating environment hook '/home/mahmudch/car_ws/install/car_description/share/car_description/hook/cmake_prefix_path.ps1'
[0.982s] INFO:colcon.colcon_core.shell:Creating environment descriptor '/home/mahmudch/car_ws/install/car_description/share/car_description/hook/cmake_prefix_path.dsv'
[0.984s] INFO:colcon.colcon_core.shell:Creating environment hook '/home/mahmudch/car_ws/install/car_description/share/car_description/hook/cmake_prefix_path.sh'
[0.987s] Level 1:colcon.colcon_core.environment:checking '/home/mahmudch/car_ws/install/car_description/bin'
[0.987s] Level 1:colcon.colcon_core.environment:checking '/home/mahmudch/car_ws/install/car_description/lib/pkgconfig/car_description.pc'
[0.988s] Level 1:colcon.colcon_core.environment:checking '/home/mahmudch/car_ws/install/car_description/lib/python3.10/site-packages'
[0.988s] Level 1:colcon.colcon_core.environment:checking '/home/mahmudch/car_ws/install/car_description/bin'
[0.989s] INFO:colcon.colcon_core.shell:Creating package script '/home/mahmudch/car_ws/install/car_description/share/car_description/package.ps1'
[0.989s] INFO:colcon.colcon_core.shell:Creating package descriptor '/home/mahmudch/car_ws/install/car_description/share/car_description/package.dsv'
[0.989s] INFO:colcon.colcon_core.shell:Creating package script '/home/mahmudch/car_ws/install/car_description/share/car_description/package.sh'
[0.990s] INFO:colcon.colcon_core.shell:Creating package script '/home/mahmudch/car_ws/install/car_description/share/car_description/package.bash'
[0.990s] INFO:colcon.colcon_core.shell:Creating package script '/home/mahmudch/car_ws/install/car_description/share/car_description/package.zsh'
[0.990s] Level 1:colcon.colcon_core.environment:create_file_with_runtime_dependencies(/home/mahmudch/car_ws/install/car_description/share/colcon-core/packages/car_description)
[0.991s] Level 1:colcon.colcon_core.environment:create_environment_scripts_only(car_description)
[0.991s] Level 1:colcon.colcon_core.environment:checking '/home/mahmudch/car_ws/install/car_description' for CMake module files
[0.991s] Level 1:colcon.colcon_core.environment:checking '/home/mahmudch/car_ws/install/car_description' for CMake config files
[0.991s] Level 1:colcon.colcon_core.shell:create_environment_hook('car_description', 'cmake_prefix_path')
[0.992s] INFO:colcon.colcon_core.shell:Creating environment hook '/home/mahmudch/car_ws/install/car_description/share/car_description/hook/cmake_prefix_path.ps1'
[0.992s] INFO:colcon.colcon_core.shell:Creating environment descriptor '/home/mahmudch/car_ws/install/car_description/share/car_description/hook/cmake_prefix_path.dsv'
[0.992s] INFO:colcon.colcon_core.shell:Creating environment hook '/home/mahmudch/car_ws/install/car_description/share/car_description/hook/cmake_prefix_path.sh'
[0.993s] Level 1:colcon.colcon_core.environment:checking '/home/mahmudch/car_ws/install/car_description/bin'
[0.993s] Level 1:colcon.colcon_core.environment:checking '/home/mahmudch/car_ws/install/car_description/lib/pkgconfig/car_description.pc'
[0.993s] Level 1:colcon.colcon_core.environment:checking '/home/mahmudch/car_ws/install/car_description/lib/python3.10/site-packages'
[0.993s] Level 1:colcon.colcon_core.environment:checking '/home/mahmudch/car_ws/install/car_description/bin'
[0.994s] INFO:colcon.colcon_core.shell:Creating package script '/home/mahmudch/car_ws/install/car_description/share/car_description/package.ps1'
[0.994s] INFO:colcon.colcon_core.shell:Creating package descriptor '/home/mahmudch/car_ws/install/car_description/share/car_description/package.dsv'
[0.994s] INFO:colcon.colcon_core.shell:Creating package script '/home/mahmudch/car_ws/install/car_description/share/car_description/package.sh'
[0.995s] INFO:colcon.colcon_core.shell:Creating package script '/home/mahmudch/car_ws/install/car_description/share/car_description/package.bash'
[0.995s] INFO:colcon.colcon_core.shell:Creating package script '/home/mahmudch/car_ws/install/car_description/share/car_description/package.zsh'
[0.995s] Level 1:colcon.colcon_core.environment:create_file_with_runtime_dependencies(/home/mahmudch/car_ws/install/car_description/share/colcon-core/packages/car_description)
[1.488s] DEBUG:colcon.colcon_core.event_handler.log_command:Invoking command in '/home/mahmudch/car_ws/build/car_py_pkg': PYTHONPATH=/home/mahmudch/car_ws/build/car_py_pkg/prefix_override:/usr/lib/python3/dist-packages/colcon_core/task/python/colcon_distutils_commands:/home/mahmudch/car_ws/install/car_py_pkg/lib/python3.10/site-packages:${PYTHONPATH} /usr/bin/python3 -W ignore:setup.py install is deprecated -W ignore:easy_install command is deprecated setup.py develop --editable --build-directory /home/mahmudch/car_ws/build/car_py_pkg/build --no-deps symlink_data
[2.092s] Level 1:colcon.colcon_core.shell:create_environment_hook('car_py_pkg', 'pythonpath_develop')
[2.092s] INFO:colcon.colcon_core.shell:Creating environment hook '/home/mahmudch/car_ws/build/car_py_pkg/share/car_py_pkg/hook/pythonpath_develop.ps1'
[2.092s] DEBUG:colcon.colcon_core.event_handler.log_command:Invoked command in '/home/mahmudch/car_ws/build/car_py_pkg' returned '0': PYTHONPATH=/home/mahmudch/car_ws/build/car_py_pkg/prefix_override:/usr/lib/python3/dist-packages/colcon_core/task/python/colcon_distutils_commands:/home/mahmudch/car_ws/install/car_py_pkg/lib/python3.10/site-packages:${PYTHONPATH} /usr/bin/python3 -W ignore:setup.py install is deprecated -W ignore:easy_install command is deprecated setup.py develop --editable --build-directory /home/mahmudch/car_ws/build/car_py_pkg/build --no-deps symlink_data
[2.093s] INFO:colcon.colcon_core.shell:Creating environment descriptor '/home/mahmudch/car_ws/build/car_py_pkg/share/car_py_pkg/hook/pythonpath_develop.dsv'
[2.093s] INFO:colcon.colcon_core.shell:Creating environment hook '/home/mahmudch/car_ws/build/car_py_pkg/share/car_py_pkg/hook/pythonpath_develop.sh'
[2.094s] Level 1:colcon.colcon_core.environment:checking '/home/mahmudch/car_ws/install/car_py_pkg' for CMake module files
[2.094s] Level 1:colcon.colcon_core.environment:checking '/home/mahmudch/car_ws/install/car_py_pkg' for CMake config files
[2.095s] Level 1:colcon.colcon_core.environment:checking '/home/mahmudch/car_ws/install/car_py_pkg/lib'
[2.095s] Level 1:colcon.colcon_core.environment:checking '/home/mahmudch/car_ws/install/car_py_pkg/bin'
[2.095s] Level 1:colcon.colcon_core.environment:checking '/home/mahmudch/car_ws/install/car_py_pkg/lib/pkgconfig/car_py_pkg.pc'
[2.095s] Level 1:colcon.colcon_core.environment:checking '/home/mahmudch/car_ws/install/car_py_pkg/lib/python3.10/site-packages'
[2.095s] Level 1:colcon.colcon_core.shell:create_environment_hook('car_py_pkg', 'pythonpath')
[2.096s] INFO:colcon.colcon_core.shell:Creating environment hook '/home/mahmudch/car_ws/install/car_py_pkg/share/car_py_pkg/hook/pythonpath.ps1'
[2.096s] INFO:colcon.colcon_core.shell:Creating environment descriptor '/home/mahmudch/car_ws/install/car_py_pkg/share/car_py_pkg/hook/pythonpath.dsv'
[2.096s] INFO:colcon.colcon_core.shell:Creating environment hook '/home/mahmudch/car_ws/install/car_py_pkg/share/car_py_pkg/hook/pythonpath.sh'
[2.097s] Level 1:colcon.colcon_core.environment:checking '/home/mahmudch/car_ws/install/car_py_pkg/bin'
[2.097s] Level 1:colcon.colcon_core.environment:create_environment_scripts_only(car_py_pkg)
[2.097s] INFO:colcon.colcon_core.shell:Creating package script '/home/mahmudch/car_ws/install/car_py_pkg/share/car_py_pkg/package.ps1'
[2.098s] INFO:colcon.colcon_core.shell:Creating package descriptor '/home/mahmudch/car_ws/install/car_py_pkg/share/car_py_pkg/package.dsv'
[2.098s] INFO:colcon.colcon_core.shell:Creating package script '/home/mahmudch/car_ws/install/car_py_pkg/share/car_py_pkg/package.sh'
[2.098s] INFO:colcon.colcon_core.shell:Creating package script '/home/mahmudch/car_ws/install/car_py_pkg/share/car_py_pkg/package.bash'
[2.099s] INFO:colcon.colcon_core.shell:Creating package script '/home/mahmudch/car_ws/install/car_py_pkg/share/car_py_pkg/package.zsh'
[2.099s] Level 1:colcon.colcon_core.environment:create_file_with_runtime_dependencies(/home/mahmudch/car_ws/install/car_py_pkg/share/colcon-core/packages/car_py_pkg)
[2.099s] DEBUG:colcon.colcon_parallel_executor.executor.parallel:closing loop
[2.099s] DEBUG:colcon.colcon_parallel_executor.executor.parallel:loop closed
[2.100s] DEBUG:colcon.colcon_parallel_executor.executor.parallel:run_until_complete finished with '0'
[2.100s] DEBUG:colcon.colcon_core.event_reactor:joining thread
[2.109s] INFO:colcon.colcon_core.plugin_system:Skipping extension 'colcon_notification.desktop_notification.terminal_notifier': Not used on non-Darwin systems
[2.109s] INFO:colcon.colcon_core.plugin_system:Skipping extension 'colcon_notification.desktop_notification.win32': Not used on non-Windows systems
[2.109s] INFO:colcon.colcon_notification.desktop_notification:Sending desktop notification using 'notify2'
[2.121s] DEBUG:colcon.colcon_core.event_reactor:joined thread
[2.123s] INFO:colcon.colcon_core.shell:Creating prefix script '/home/mahmudch/car_ws/install/local_setup.ps1'
[2.125s] INFO:colcon.colcon_core.shell:Creating prefix util module '/home/mahmudch/car_ws/install/_local_setup_util_ps1.py'
[2.127s] INFO:colcon.colcon_core.shell:Creating prefix chain script '/home/mahmudch/car_ws/install/setup.ps1'
[2.129s] INFO:colcon.colcon_core.shell:Creating prefix script '/home/mahmudch/car_ws/install/local_setup.sh'
[2.129s] INFO:colcon.colcon_core.shell:Creating prefix util module '/home/mahmudch/car_ws/install/_local_setup_util_sh.py'
[2.130s] INFO:colcon.colcon_core.shell:Creating prefix chain script '/home/mahmudch/car_ws/install/setup.sh'
[2.131s] INFO:colcon.colcon_core.shell:Creating prefix script '/home/mahmudch/car_ws/install/local_setup.bash'
[2.131s] INFO:colcon.colcon_core.shell:Creating prefix chain script '/home/mahmudch/car_ws/install/setup.bash'
[2.133s] INFO:colcon.colcon_core.shell:Creating prefix script '/home/mahmudch/car_ws/install/local_setup.zsh'
[2.133s] INFO:colcon.colcon_core.shell:Creating prefix chain script '/home/mahmudch/car_ws/install/setup.zsh'
