[0.017s] Invoking command in '/home/mahmudch/car_ws/build/car_description': CMAKE_PREFIX_PATH=${CMAKE_PREFIX_PATH}:/home/mahmudch/car_ws/install/car_py_pkg:/home/mahmudch/mibot_ws/install/mibot_py_pkg:/home/mahmudch/ros2_ws/install/simple_py_pkg:/home/mahmudch/ros2_ws/install/lidar_py_pkg:/home/mahmudch/ros2_ws/install/car_homework_py_pkg:/opt/ros/humble /usr/bin/cmake /home/mahmudch/car_ws/src/car_description -DAMENT_CMAKE_SYMLINK_INSTALL=1 -DCMAKE_INSTALL_PREFIX=/home/mahmudch/car_ws/install/car_description
[0.059s] -- The C compiler identification is GNU 11.4.0
[0.100s] -- The CXX compiler identification is GNU 11.4.0
[0.105s] -- Detecting C compiler ABI info
[0.159s] -- Detecting C compiler ABI info - done
[0.165s] -- Check for working C compiler: /usr/bin/cc - skipped
[0.165s] -- Detecting C compile features
[0.166s] -- Detecting C compile features - done
[0.168s] -- Detecting CXX compiler ABI info
[0.225s] -- Detecting CXX compiler ABI info - done
[0.233s] -- Check for working CXX compiler: /usr/bin/c++ - skipped
[0.233s] -- Detecting CXX compile features
[0.234s] -- Detecting CXX compile features - done
[0.237s] -- Found ament_cmake: 1.3.12 (/opt/ros/humble/share/ament_cmake/cmake)
[0.372s] -- Found Python3: /usr/bin/python3 (found version "3.10.12") found components: Interpreter 
[0.430s] -- Override CMake install command with custom implementation using symlinks instead of copying resources
[0.527s] -- Configuring done
[0.529s] -- Generating done
[0.530s] -- Build files have been written to: /home/mahmudch/car_ws/build/car_description
[0.534s] Invoked command in '/home/mahmudch/car_ws/build/car_description' returned '0': CMAKE_PREFIX_PATH=${CMAKE_PREFIX_PATH}:/home/mahmudch/car_ws/install/car_py_pkg:/home/mahmudch/mibot_ws/install/mibot_py_pkg:/home/mahmudch/ros2_ws/install/simple_py_pkg:/home/mahmudch/ros2_ws/install/lidar_py_pkg:/home/mahmudch/ros2_ws/install/car_homework_py_pkg:/opt/ros/humble /usr/bin/cmake /home/mahmudch/car_ws/src/car_description -DAMENT_CMAKE_SYMLINK_INSTALL=1 -DCMAKE_INSTALL_PREFIX=/home/mahmudch/car_ws/install/car_description
[0.536s] Invoking command in '/home/mahmudch/car_ws/build/car_description': CMAKE_PREFIX_PATH=${CMAKE_PREFIX_PATH}:/home/mahmudch/car_ws/install/car_py_pkg:/home/mahmudch/mibot_ws/install/mibot_py_pkg:/home/mahmudch/ros2_ws/install/simple_py_pkg:/home/mahmudch/ros2_ws/install/lidar_py_pkg:/home/mahmudch/ros2_ws/install/car_homework_py_pkg:/opt/ros/humble /usr/bin/cmake --build /home/mahmudch/car_ws/build/car_description -- -j12 -l12
[0.564s] Invoked command in '/home/mahmudch/car_ws/build/car_description' returned '0': CMAKE_PREFIX_PATH=${CMAKE_PREFIX_PATH}:/home/mahmudch/car_ws/install/car_py_pkg:/home/mahmudch/mibot_ws/install/mibot_py_pkg:/home/mahmudch/ros2_ws/install/simple_py_pkg:/home/mahmudch/ros2_ws/install/lidar_py_pkg:/home/mahmudch/ros2_ws/install/car_homework_py_pkg:/opt/ros/humble /usr/bin/cmake --build /home/mahmudch/car_ws/build/car_description -- -j12 -l12
[0.565s] Invoking command in '/home/mahmudch/car_ws/build/car_description': CMAKE_PREFIX_PATH=${CMAKE_PREFIX_PATH}:/home/mahmudch/car_ws/install/car_py_pkg:/home/mahmudch/mibot_ws/install/mibot_py_pkg:/home/mahmudch/ros2_ws/install/simple_py_pkg:/home/mahmudch/ros2_ws/install/lidar_py_pkg:/home/mahmudch/ros2_ws/install/car_homework_py_pkg:/opt/ros/humble /usr/bin/cmake --install /home/mahmudch/car_ws/build/car_description
[0.570s] -- Install configuration: ""
[0.570s] -- Execute custom install script
[0.571s] -- Symlinking: /home/mahmudch/car_ws/install/car_description/share/car_description//launch/display.launch.py
[0.577s] -- Symlinking: /home/mahmudch/car_ws/install/car_description/share/car_description//launch/display.launch.xml
[0.584s] -- Symlinking: /home/mahmudch/car_ws/install/car_description/share/car_description//xacro/camera.xacro
[0.590s] -- Symlinking: /home/mahmudch/car_ws/install/car_description/share/car_description//xacro/car.xacro
[0.596s] -- Symlinking: /home/mahmudch/car_ws/install/car_description/share/car_description//xacro/gps.xml
[0.603s] -- Symlinking: /home/mahmudch/car_ws/install/car_description/share/car_description//xacro/imu.xml
[0.609s] -- Symlinking: /home/mahmudch/car_ws/install/car_description/share/car_description//xacro/lidar.xacro
[0.616s] -- Symlinking: /home/mahmudch/car_ws/install/car_description/share/car_description//xacro/macro.xacro
[0.622s] -- Symlinking: /home/mahmudch/car_ws/install/car_description/share/car_description//xacro/main.xacro
[0.629s] -- Symlinking: /home/mahmudch/car_ws/install/car_description/share/car_description//xacro/material.xacro
[0.636s] -- Symlinking: /home/mahmudch/car_ws/install/car_description/share/car_description//xacro/properties.xacro
[0.645s] -- Symlinking: /home/mahmudch/car_ws/install/car_description/share/car_description//xacro/properties_gazebo.xacro
[0.651s] -- Symlinking: /home/mahmudch/car_ws/install/car_description/share/car_description//rviz/xacro_config.rviz
[0.658s] -- Symlinking: /home/mahmudch/car_ws/install/car_description/share/ament_index/resource_index/package_run_dependencies/car_description
[0.664s] -- Symlinking: /home/mahmudch/car_ws/install/car_description/share/ament_index/resource_index/parent_prefix_path/car_description
[0.670s] -- Symlinking: /home/mahmudch/car_ws/install/car_description/share/car_description/environment/ament_prefix_path.sh
[0.677s] -- Symlinking: /home/mahmudch/car_ws/install/car_description/share/car_description/environment/ament_prefix_path.dsv
[0.683s] -- Symlinking: /home/mahmudch/car_ws/install/car_description/share/car_description/environment/path.sh
[0.689s] -- Symlinking: /home/mahmudch/car_ws/install/car_description/share/car_description/environment/path.dsv
[0.695s] -- Symlinking: /home/mahmudch/car_ws/install/car_description/share/car_description/local_setup.bash
[0.701s] -- Symlinking: /home/mahmudch/car_ws/install/car_description/share/car_description/local_setup.sh
[0.708s] -- Symlinking: /home/mahmudch/car_ws/install/car_description/share/car_description/local_setup.zsh
[0.715s] -- Symlinking: /home/mahmudch/car_ws/install/car_description/share/car_description/local_setup.dsv
[0.725s] -- Symlinking: /home/mahmudch/car_ws/install/car_description/share/car_description/package.dsv
[0.732s] -- Symlinking: /home/mahmudch/car_ws/install/car_description/share/ament_index/resource_index/packages/car_description
[0.742s] -- Symlinking: /home/mahmudch/car_ws/install/car_description/share/car_description/cmake/car_descriptionConfig.cmake
[0.749s] -- Symlinking: /home/mahmudch/car_ws/install/car_description/share/car_description/cmake/car_descriptionConfig-version.cmake
[0.755s] -- Symlinking: /home/mahmudch/car_ws/install/car_description/share/car_description/package.xml
[0.762s] Invoked command in '/home/mahmudch/car_ws/build/car_description' returned '0': CMAKE_PREFIX_PATH=${CMAKE_PREFIX_PATH}:/home/mahmudch/car_ws/install/car_py_pkg:/home/mahmudch/mibot_ws/install/mibot_py_pkg:/home/mahmudch/ros2_ws/install/simple_py_pkg:/home/mahmudch/ros2_ws/install/lidar_py_pkg:/home/mahmudch/ros2_ws/install/car_homework_py_pkg:/opt/ros/humble /usr/bin/cmake --install /home/mahmudch/car_ws/build/car_description
