[0.089s] DEBUG:colcon:Command line arguments: ['/usr/bin/colcon', 'build', '--symlink-install']
[0.089s] DEBUG:colcon:Parsed command line arguments: Namespace(log_base=None, log_level=None, verb_name='build', build_base='build', install_base='install', merge_install=False, symlink_install=True, test_result_base=None, continue_on_error=False, executor='parallel', parallel_workers=12, event_handlers=None, ignore_user_meta=False, metas=['./colcon.meta'], base_paths=['.'], packages_ignore=None, packages_ignore_regex=None, paths=None, packages_up_to=None, packages_up_to_regex=None, packages_above=None, packages_above_and_dependencies=None, packages_above_depth=None, packages_select_by_dep=None, packages_skip_by_dep=None, packages_skip_up_to=None, packages_select_build_failed=False, packages_skip_build_finished=False, packages_select_test_failures=False, packages_skip_test_passed=False, packages_select=None, packages_skip=None, packages_select_regex=None, packages_skip_regex=None, packages_start=None, packages_end=None, allow_overriding=[], cmake_args=None, cmake_target=None, cmake_target_skip_unavailable=False, cmake_clean_cache=False, cmake_clean_first=False, cmake_force_configure=False, ament_cmake_args=None, catkin_cmake_args=None, catkin_skip_building_tests=False, verb_parser=<colcon_defaults.argument_parser.defaults.DefaultArgumentsDecorator object at 0x7c654fdbeec0>, verb_extension=<colcon_core.verb.build.BuildVerb object at 0x7c654fdbe8c0>, main=<bound method BuildVerb.main of <colcon_core.verb.build.BuildVerb object at 0x7c654fdbe8c0>>)
[0.225s] Level 1:colcon.colcon_core.package_discovery:discover_packages(colcon_meta) check parameters
[0.225s] Level 1:colcon.colcon_core.package_discovery:discover_packages(recursive) check parameters
[0.225s] Level 1:colcon.colcon_core.package_discovery:discover_packages(ignore) check parameters
[0.225s] Level 1:colcon.colcon_core.package_discovery:discover_packages(path) check parameters
[0.225s] Level 1:colcon.colcon_core.package_discovery:discover_packages(colcon_meta) discover
[0.226s] Level 1:colcon.colcon_core.package_discovery:discover_packages(recursive) discover
[0.226s] INFO:colcon.colcon_core.package_discovery:Crawling recursively for packages in '/home/mahmudch/car_ws'
[0.226s] Level 1:colcon.colcon_core.package_identification:_identify(.) by extensions ['ignore', 'ignore_ament_install']
[0.226s] Level 1:colcon.colcon_core.package_identification:_identify(.) by extension 'ignore'
[0.226s] Level 1:colcon.colcon_core.package_identification:_identify(.) by extension 'ignore_ament_install'
[0.226s] Level 1:colcon.colcon_core.package_identification:_identify(.) by extensions ['colcon_pkg']
[0.226s] Level 1:colcon.colcon_core.package_identification:_identify(.) by extension 'colcon_pkg'
[0.226s] Level 1:colcon.colcon_core.package_identification:_identify(.) by extensions ['colcon_meta']
[0.226s] Level 1:colcon.colcon_core.package_identification:_identify(.) by extension 'colcon_meta'
[0.226s] Level 1:colcon.colcon_core.package_identification:_identify(.) by extensions ['ros']
[0.226s] Level 1:colcon.colcon_core.package_identification:_identify(.) by extension 'ros'
[0.234s] Level 1:colcon.colcon_core.package_identification:_identify(.) by extensions ['cmake', 'python']
[0.234s] Level 1:colcon.colcon_core.package_identification:_identify(.) by extension 'cmake'
[0.234s] Level 1:colcon.colcon_core.package_identification:_identify(.) by extension 'python'
[0.234s] Level 1:colcon.colcon_core.package_identification:_identify(.) by extensions ['python_setup_py']
[0.234s] Level 1:colcon.colcon_core.package_identification:_identify(.) by extension 'python_setup_py'
[0.234s] Level 1:colcon.colcon_core.package_identification:_identify(build) by extensions ['ignore', 'ignore_ament_install']
[0.234s] Level 1:colcon.colcon_core.package_identification:_identify(build) by extension 'ignore'
[0.234s] Level 1:colcon.colcon_core.package_identification:_identify(build) ignored
[0.234s] Level 1:colcon.colcon_core.package_identification:_identify(install) by extensions ['ignore', 'ignore_ament_install']
[0.234s] Level 1:colcon.colcon_core.package_identification:_identify(install) by extension 'ignore'
[0.234s] Level 1:colcon.colcon_core.package_identification:_identify(install) ignored
[0.234s] Level 1:colcon.colcon_core.package_identification:_identify(log) by extensions ['ignore', 'ignore_ament_install']
[0.234s] Level 1:colcon.colcon_core.package_identification:_identify(log) by extension 'ignore'
[0.234s] Level 1:colcon.colcon_core.package_identification:_identify(log) ignored
[0.234s] Level 1:colcon.colcon_core.package_identification:_identify(src) by extensions ['ignore', 'ignore_ament_install']
[0.234s] Level 1:colcon.colcon_core.package_identification:_identify(src) by extension 'ignore'
[0.235s] Level 1:colcon.colcon_core.package_identification:_identify(src) by extension 'ignore_ament_install'
[0.235s] Level 1:colcon.colcon_core.package_identification:_identify(src) by extensions ['colcon_pkg']
[0.235s] Level 1:colcon.colcon_core.package_identification:_identify(src) by extension 'colcon_pkg'
[0.235s] Level 1:colcon.colcon_core.package_identification:_identify(src) by extensions ['colcon_meta']
[0.235s] Level 1:colcon.colcon_core.package_identification:_identify(src) by extension 'colcon_meta'
[0.235s] Level 1:colcon.colcon_core.package_identification:_identify(src) by extensions ['ros']
[0.235s] Level 1:colcon.colcon_core.package_identification:_identify(src) by extension 'ros'
[0.235s] Level 1:colcon.colcon_core.package_identification:_identify(src) by extensions ['cmake', 'python']
[0.235s] Level 1:colcon.colcon_core.package_identification:_identify(src) by extension 'cmake'
[0.235s] Level 1:colcon.colcon_core.package_identification:_identify(src) by extension 'python'
[0.235s] Level 1:colcon.colcon_core.package_identification:_identify(src) by extensions ['python_setup_py']
[0.235s] Level 1:colcon.colcon_core.package_identification:_identify(src) by extension 'python_setup_py'
[0.235s] Level 1:colcon.colcon_core.package_identification:_identify(src/car_bringup) by extensions ['ignore', 'ignore_ament_install']
[0.235s] Level 1:colcon.colcon_core.package_identification:_identify(src/car_bringup) by extension 'ignore'
[0.235s] Level 1:colcon.colcon_core.package_identification:_identify(src/car_bringup) by extension 'ignore_ament_install'
[0.235s] Level 1:colcon.colcon_core.package_identification:_identify(src/car_bringup) by extensions ['colcon_pkg']
[0.235s] Level 1:colcon.colcon_core.package_identification:_identify(src/car_bringup) by extension 'colcon_pkg'
[0.235s] Level 1:colcon.colcon_core.package_identification:_identify(src/car_bringup) by extensions ['colcon_meta']
[0.235s] Level 1:colcon.colcon_core.package_identification:_identify(src/car_bringup) by extension 'colcon_meta'
[0.235s] Level 1:colcon.colcon_core.package_identification:_identify(src/car_bringup) by extensions ['ros']
[0.235s] Level 1:colcon.colcon_core.package_identification:_identify(src/car_bringup) by extension 'ros'
[0.237s] DEBUG:colcon.colcon_core.package_identification:Package 'src/car_bringup' with type 'ros.ament_cmake' and name 'car_bringup'
[0.237s] Level 1:colcon.colcon_core.package_identification:_identify(src/car_description) by extensions ['ignore', 'ignore_ament_install']
[0.237s] Level 1:colcon.colcon_core.package_identification:_identify(src/car_description) by extension 'ignore'
[0.237s] Level 1:colcon.colcon_core.package_identification:_identify(src/car_description) by extension 'ignore_ament_install'
[0.237s] Level 1:colcon.colcon_core.package_identification:_identify(src/car_description) by extensions ['colcon_pkg']
[0.237s] Level 1:colcon.colcon_core.package_identification:_identify(src/car_description) by extension 'colcon_pkg'
[0.237s] Level 1:colcon.colcon_core.package_identification:_identify(src/car_description) by extensions ['colcon_meta']
[0.237s] Level 1:colcon.colcon_core.package_identification:_identify(src/car_description) by extension 'colcon_meta'
[0.237s] Level 1:colcon.colcon_core.package_identification:_identify(src/car_description) by extensions ['ros']
[0.237s] Level 1:colcon.colcon_core.package_identification:_identify(src/car_description) by extension 'ros'
[0.237s] DEBUG:colcon.colcon_core.package_identification:Package 'src/car_description' with type 'ros.ament_cmake' and name 'car_description'
[0.238s] Level 1:colcon.colcon_core.package_identification:_identify(src/car_py_pkg) by extensions ['ignore', 'ignore_ament_install']
[0.238s] Level 1:colcon.colcon_core.package_identification:_identify(src/car_py_pkg) by extension 'ignore'
[0.238s] Level 1:colcon.colcon_core.package_identification:_identify(src/car_py_pkg) by extension 'ignore_ament_install'
[0.238s] Level 1:colcon.colcon_core.package_identification:_identify(src/car_py_pkg) by extensions ['colcon_pkg']
[0.238s] Level 1:colcon.colcon_core.package_identification:_identify(src/car_py_pkg) by extension 'colcon_pkg'
[0.238s] Level 1:colcon.colcon_core.package_identification:_identify(src/car_py_pkg) by extensions ['colcon_meta']
[0.238s] Level 1:colcon.colcon_core.package_identification:_identify(src/car_py_pkg) by extension 'colcon_meta'
[0.238s] Level 1:colcon.colcon_core.package_identification:_identify(src/car_py_pkg) by extensions ['ros']
[0.238s] Level 1:colcon.colcon_core.package_identification:_identify(src/car_py_pkg) by extension 'ros'
[0.238s] DEBUG:colcon.colcon_core.package_identification:Package 'src/car_py_pkg' with type 'ros.ament_python' and name 'car_py_pkg'
[0.238s] Level 1:colcon.colcon_core.package_discovery:discover_packages(recursive) using defaults
[0.238s] Level 1:colcon.colcon_core.package_discovery:discover_packages(ignore) discover
[0.238s] Level 1:colcon.colcon_core.package_discovery:discover_packages(ignore) using defaults
[0.238s] Level 1:colcon.colcon_core.package_discovery:discover_packages(path) discover
[0.238s] Level 1:colcon.colcon_core.package_discovery:discover_packages(path) using defaults
[0.262s] Level 1:colcon.colcon_core.package_discovery:discover_packages(prefix_path) check parameters
[0.262s] Level 1:colcon.colcon_core.package_discovery:discover_packages(prefix_path) discover
[0.265s] DEBUG:colcon.colcon_installed_package_information.package_discovery:Found 3 installed packages in /home/mahmudch/car_ws/install
[0.265s] DEBUG:colcon.colcon_installed_package_information.package_discovery:Found 8 installed packages in /home/mahmudch/ros2_ws/install
[0.265s] DEBUG:colcon.colcon_installed_package_information.package_discovery:Found 3 installed packages in /home/mahmudch/mibot_ws/install
[0.267s] DEBUG:colcon.colcon_installed_package_information.package_discovery:Found 445 installed packages in /opt/ros/humble
[0.268s] Level 1:colcon.colcon_core.package_discovery:discover_packages(prefix_path) using defaults
[0.317s] Level 5:colcon.colcon_core.verb:set package 'car_bringup' build argument 'cmake_args' from command line to 'None'
[0.317s] Level 5:colcon.colcon_core.verb:set package 'car_bringup' build argument 'cmake_target' from command line to 'None'
[0.317s] Level 5:colcon.colcon_core.verb:set package 'car_bringup' build argument 'cmake_target_skip_unavailable' from command line to 'False'
[0.317s] Level 5:colcon.colcon_core.verb:set package 'car_bringup' build argument 'cmake_clean_cache' from command line to 'False'
[0.317s] Level 5:colcon.colcon_core.verb:set package 'car_bringup' build argument 'cmake_clean_first' from command line to 'False'
[0.317s] Level 5:colcon.colcon_core.verb:set package 'car_bringup' build argument 'cmake_force_configure' from command line to 'False'
[0.317s] Level 5:colcon.colcon_core.verb:set package 'car_bringup' build argument 'ament_cmake_args' from command line to 'None'
[0.317s] Level 5:colcon.colcon_core.verb:set package 'car_bringup' build argument 'catkin_cmake_args' from command line to 'None'
[0.317s] Level 5:colcon.colcon_core.verb:set package 'car_bringup' build argument 'catkin_skip_building_tests' from command line to 'False'
[0.317s] DEBUG:colcon.colcon_core.verb:Building package 'car_bringup' with the following arguments: {'ament_cmake_args': None, 'build_base': '/home/mahmudch/car_ws/build/car_bringup', 'catkin_cmake_args': None, 'catkin_skip_building_tests': False, 'cmake_args': None, 'cmake_clean_cache': False, 'cmake_clean_first': False, 'cmake_force_configure': False, 'cmake_target': None, 'cmake_target_skip_unavailable': False, 'install_base': '/home/mahmudch/car_ws/install/car_bringup', 'merge_install': False, 'path': '/home/mahmudch/car_ws/src/car_bringup', 'symlink_install': True, 'test_result_base': None}
[0.317s] Level 5:colcon.colcon_core.verb:set package 'car_description' build argument 'cmake_args' from command line to 'None'
[0.317s] Level 5:colcon.colcon_core.verb:set package 'car_description' build argument 'cmake_target' from command line to 'None'
[0.317s] Level 5:colcon.colcon_core.verb:set package 'car_description' build argument 'cmake_target_skip_unavailable' from command line to 'False'
[0.317s] Level 5:colcon.colcon_core.verb:set package 'car_description' build argument 'cmake_clean_cache' from command line to 'False'
[0.317s] Level 5:colcon.colcon_core.verb:set package 'car_description' build argument 'cmake_clean_first' from command line to 'False'
[0.317s] Level 5:colcon.colcon_core.verb:set package 'car_description' build argument 'cmake_force_configure' from command line to 'False'
[0.317s] Level 5:colcon.colcon_core.verb:set package 'car_description' build argument 'ament_cmake_args' from command line to 'None'
[0.317s] Level 5:colcon.colcon_core.verb:set package 'car_description' build argument 'catkin_cmake_args' from command line to 'None'
[0.317s] Level 5:colcon.colcon_core.verb:set package 'car_description' build argument 'catkin_skip_building_tests' from command line to 'False'
[0.317s] DEBUG:colcon.colcon_core.verb:Building package 'car_description' with the following arguments: {'ament_cmake_args': None, 'build_base': '/home/mahmudch/car_ws/build/car_description', 'catkin_cmake_args': None, 'catkin_skip_building_tests': False, 'cmake_args': None, 'cmake_clean_cache': False, 'cmake_clean_first': False, 'cmake_force_configure': False, 'cmake_target': None, 'cmake_target_skip_unavailable': False, 'install_base': '/home/mahmudch/car_ws/install/car_description', 'merge_install': False, 'path': '/home/mahmudch/car_ws/src/car_description', 'symlink_install': True, 'test_result_base': None}
[0.318s] Level 5:colcon.colcon_core.verb:set package 'car_py_pkg' build argument 'cmake_args' from command line to 'None'
[0.318s] Level 5:colcon.colcon_core.verb:set package 'car_py_pkg' build argument 'cmake_target' from command line to 'None'
[0.318s] Level 5:colcon.colcon_core.verb:set package 'car_py_pkg' build argument 'cmake_target_skip_unavailable' from command line to 'False'
[0.318s] Level 5:colcon.colcon_core.verb:set package 'car_py_pkg' build argument 'cmake_clean_cache' from command line to 'False'
[0.318s] Level 5:colcon.colcon_core.verb:set package 'car_py_pkg' build argument 'cmake_clean_first' from command line to 'False'
[0.318s] Level 5:colcon.colcon_core.verb:set package 'car_py_pkg' build argument 'cmake_force_configure' from command line to 'False'
[0.318s] Level 5:colcon.colcon_core.verb:set package 'car_py_pkg' build argument 'ament_cmake_args' from command line to 'None'
[0.318s] Level 5:colcon.colcon_core.verb:set package 'car_py_pkg' build argument 'catkin_cmake_args' from command line to 'None'
[0.318s] Level 5:colcon.colcon_core.verb:set package 'car_py_pkg' build argument 'catkin_skip_building_tests' from command line to 'False'
[0.318s] DEBUG:colcon.colcon_core.verb:Building package 'car_py_pkg' with the following arguments: {'ament_cmake_args': None, 'build_base': '/home/mahmudch/car_ws/build/car_py_pkg', 'catkin_cmake_args': None, 'catkin_skip_building_tests': False, 'cmake_args': None, 'cmake_clean_cache': False, 'cmake_clean_first': False, 'cmake_force_configure': False, 'cmake_target': None, 'cmake_target_skip_unavailable': False, 'install_base': '/home/mahmudch/car_ws/install/car_py_pkg', 'merge_install': False, 'path': '/home/mahmudch/car_ws/src/car_py_pkg', 'symlink_install': True, 'test_result_base': None}
[0.318s] INFO:colcon.colcon_core.executor:Executing jobs using 'parallel' executor
[0.319s] DEBUG:colcon.colcon_parallel_executor.executor.parallel:run_until_complete
[0.319s] INFO:colcon.colcon_ros.task.ament_cmake.build:Building ROS package in '/home/mahmudch/car_ws/src/car_bringup' with build type 'ament_cmake'
[0.319s] INFO:colcon.colcon_cmake.task.cmake.build:Building CMake package in '/home/mahmudch/car_ws/src/car_bringup'
[0.322s] INFO:colcon.colcon_core.plugin_system:Skipping extension 'colcon_core.shell.bat': Not used on non-Windows systems
[0.322s] INFO:colcon.colcon_core.shell:Skip shell extension 'powershell' for command environment: Not usable outside of PowerShell
[0.322s] DEBUG:colcon.colcon_core.shell:Skip shell extension 'dsv' for command environment
[0.326s] INFO:colcon.colcon_ros.task.ament_cmake.build:Building ROS package in '/home/mahmudch/car_ws/src/car_description' with build type 'ament_cmake'
[0.326s] INFO:colcon.colcon_cmake.task.cmake.build:Building CMake package in '/home/mahmudch/car_ws/src/car_description'
[0.326s] INFO:colcon.colcon_core.shell:Skip shell extension 'powershell' for command environment: Not usable outside of PowerShell
[0.326s] DEBUG:colcon.colcon_core.shell:Skip shell extension 'dsv' for command environment
[0.329s] INFO:colcon.colcon_ros.task.ament_python.build:Building ROS package in '/home/mahmudch/car_ws/src/car_py_pkg' with build type 'ament_python'
[0.329s] Level 1:colcon.colcon_core.shell:create_environment_hook('car_py_pkg', 'ament_prefix_path')
[0.330s] INFO:colcon.colcon_core.shell:Creating environment hook '/home/mahmudch/car_ws/install/car_py_pkg/share/car_py_pkg/hook/ament_prefix_path.ps1'
[0.330s] INFO:colcon.colcon_core.shell:Creating environment descriptor '/home/mahmudch/car_ws/install/car_py_pkg/share/car_py_pkg/hook/ament_prefix_path.dsv'
[0.331s] INFO:colcon.colcon_core.shell:Creating environment hook '/home/mahmudch/car_ws/install/car_py_pkg/share/car_py_pkg/hook/ament_prefix_path.sh'
[0.332s] INFO:colcon.colcon_core.shell:Skip shell extension 'powershell' for command environment: Not usable outside of PowerShell
[0.332s] DEBUG:colcon.colcon_core.shell:Skip shell extension 'dsv' for command environment
[0.339s] DEBUG:colcon.colcon_core.event_handler.log_command:Invoking command in '/home/mahmudch/car_ws/build/car_bringup': CMAKE_PREFIX_PATH=${CMAKE_PREFIX_PATH}:/home/mahmudch/car_ws/install/car_py_pkg:/home/mahmudch/mibot_ws/install/mibot_py_pkg:/home/mahmudch/ros2_ws/install/simple_py_pkg:/home/mahmudch/ros2_ws/install/lidar_py_pkg:/home/mahmudch/ros2_ws/install/car_homework_py_pkg:/opt/ros/humble /usr/bin/cmake --build /home/mahmudch/car_ws/build/car_bringup -- -j12 -l12
[0.342s] DEBUG:colcon.colcon_core.event_handler.log_command:Invoking command in '/home/mahmudch/car_ws/build/car_description': CMAKE_PREFIX_PATH=${CMAKE_PREFIX_PATH}:/home/mahmudch/car_ws/install/car_py_pkg:/home/mahmudch/mibot_ws/install/mibot_py_pkg:/home/mahmudch/ros2_ws/install/simple_py_pkg:/home/mahmudch/ros2_ws/install/lidar_py_pkg:/home/mahmudch/ros2_ws/install/car_homework_py_pkg:/opt/ros/humble /usr/bin/cmake --build /home/mahmudch/car_ws/build/car_description -- -j12 -l12
[0.583s] INFO:colcon.colcon_core.task.python.build:Building Python package in '/home/mahmudch/car_ws/src/car_py_pkg'
[0.584s] INFO:colcon.colcon_core.shell:Skip shell extension 'powershell' for command environment: Not usable outside of PowerShell
[0.584s] DEBUG:colcon.colcon_core.shell:Skip shell extension 'dsv' for command environment
[0.588s] DEBUG:colcon.colcon_core.event_handler.log_command:Invoked command in '/home/mahmudch/car_ws/build/car_bringup' returned '0': CMAKE_PREFIX_PATH=${CMAKE_PREFIX_PATH}:/home/mahmudch/car_ws/install/car_py_pkg:/home/mahmudch/mibot_ws/install/mibot_py_pkg:/home/mahmudch/ros2_ws/install/simple_py_pkg:/home/mahmudch/ros2_ws/install/lidar_py_pkg:/home/mahmudch/ros2_ws/install/car_homework_py_pkg:/opt/ros/humble /usr/bin/cmake --build /home/mahmudch/car_ws/build/car_bringup -- -j12 -l12
[0.595s] DEBUG:colcon.colcon_core.event_handler.log_command:Invoking command in '/home/mahmudch/car_ws/build/car_bringup': CMAKE_PREFIX_PATH=${CMAKE_PREFIX_PATH}:/home/mahmudch/car_ws/install/car_py_pkg:/home/mahmudch/mibot_ws/install/mibot_py_pkg:/home/mahmudch/ros2_ws/install/simple_py_pkg:/home/mahmudch/ros2_ws/install/lidar_py_pkg:/home/mahmudch/ros2_ws/install/car_homework_py_pkg:/opt/ros/humble /usr/bin/cmake --install /home/mahmudch/car_ws/build/car_bringup
[0.595s] DEBUG:colcon.colcon_core.event_handler.log_command:Invoked command in '/home/mahmudch/car_ws/build/car_description' returned '0': CMAKE_PREFIX_PATH=${CMAKE_PREFIX_PATH}:/home/mahmudch/car_ws/install/car_py_pkg:/home/mahmudch/mibot_ws/install/mibot_py_pkg:/home/mahmudch/ros2_ws/install/simple_py_pkg:/home/mahmudch/ros2_ws/install/lidar_py_pkg:/home/mahmudch/ros2_ws/install/car_homework_py_pkg:/opt/ros/humble /usr/bin/cmake --build /home/mahmudch/car_ws/build/car_description -- -j12 -l12
[0.597s] DEBUG:colcon.colcon_core.event_handler.log_command:Invoking command in '/home/mahmudch/car_ws/build/car_description': CMAKE_PREFIX_PATH=${CMAKE_PREFIX_PATH}:/home/mahmudch/car_ws/install/car_py_pkg:/home/mahmudch/mibot_ws/install/mibot_py_pkg:/home/mahmudch/ros2_ws/install/simple_py_pkg:/home/mahmudch/ros2_ws/install/lidar_py_pkg:/home/mahmudch/ros2_ws/install/car_homework_py_pkg:/opt/ros/humble /usr/bin/cmake --install /home/mahmudch/car_ws/build/car_description
[0.612s] Level 1:colcon.colcon_core.environment:create_environment_scripts_only(car_bringup)
[0.613s] DEBUG:colcon.colcon_core.event_handler.log_command:Invoked command in '/home/mahmudch/car_ws/build/car_bringup' returned '0': CMAKE_PREFIX_PATH=${CMAKE_PREFIX_PATH}:/home/mahmudch/car_ws/install/car_py_pkg:/home/mahmudch/mibot_ws/install/mibot_py_pkg:/home/mahmudch/ros2_ws/install/simple_py_pkg:/home/mahmudch/ros2_ws/install/lidar_py_pkg:/home/mahmudch/ros2_ws/install/car_homework_py_pkg:/opt/ros/humble /usr/bin/cmake --install /home/mahmudch/car_ws/build/car_bringup
[0.616s] Level 1:colcon.colcon_core.environment:checking '/home/mahmudch/car_ws/install/car_bringup' for CMake module files
[0.616s] Level 1:colcon.colcon_core.environment:checking '/home/mahmudch/car_ws/install/car_bringup' for CMake config files
[0.617s] Level 1:colcon.colcon_core.shell:create_environment_hook('car_bringup', 'cmake_prefix_path')
[0.617s] INFO:colcon.colcon_core.shell:Creating environment hook '/home/mahmudch/car_ws/install/car_bringup/share/car_bringup/hook/cmake_prefix_path.ps1'
[0.617s] INFO:colcon.colcon_core.shell:Creating environment descriptor '/home/mahmudch/car_ws/install/car_bringup/share/car_bringup/hook/cmake_prefix_path.dsv'
[0.617s] INFO:colcon.colcon_core.shell:Creating environment hook '/home/mahmudch/car_ws/install/car_bringup/share/car_bringup/hook/cmake_prefix_path.sh'
[0.618s] Level 1:colcon.colcon_core.environment:checking '/home/mahmudch/car_ws/install/car_bringup/bin'
[0.618s] Level 1:colcon.colcon_core.environment:checking '/home/mahmudch/car_ws/install/car_bringup/lib/pkgconfig/car_bringup.pc'
[0.618s] Level 1:colcon.colcon_core.environment:checking '/home/mahmudch/car_ws/install/car_bringup/lib/python3.10/site-packages'
[0.618s] Level 1:colcon.colcon_core.environment:checking '/home/mahmudch/car_ws/install/car_bringup/bin'
[0.619s] INFO:colcon.colcon_core.shell:Creating package script '/home/mahmudch/car_ws/install/car_bringup/share/car_bringup/package.ps1'
[0.619s] INFO:colcon.colcon_core.shell:Creating package descriptor '/home/mahmudch/car_ws/install/car_bringup/share/car_bringup/package.dsv'
[0.620s] INFO:colcon.colcon_core.shell:Creating package script '/home/mahmudch/car_ws/install/car_bringup/share/car_bringup/package.sh'
[0.620s] INFO:colcon.colcon_core.shell:Creating package script '/home/mahmudch/car_ws/install/car_bringup/share/car_bringup/package.bash'
[0.621s] INFO:colcon.colcon_core.shell:Creating package script '/home/mahmudch/car_ws/install/car_bringup/share/car_bringup/package.zsh'
[0.622s] Level 1:colcon.colcon_core.environment:create_file_with_runtime_dependencies(/home/mahmudch/car_ws/install/car_bringup/share/colcon-core/packages/car_bringup)
[0.622s] Level 1:colcon.colcon_core.environment:create_environment_scripts_only(car_bringup)
[0.622s] Level 1:colcon.colcon_core.environment:checking '/home/mahmudch/car_ws/install/car_bringup' for CMake module files
[0.623s] Level 1:colcon.colcon_core.environment:checking '/home/mahmudch/car_ws/install/car_bringup' for CMake config files
[0.623s] Level 1:colcon.colcon_core.shell:create_environment_hook('car_bringup', 'cmake_prefix_path')
[0.623s] INFO:colcon.colcon_core.shell:Creating environment hook '/home/mahmudch/car_ws/install/car_bringup/share/car_bringup/hook/cmake_prefix_path.ps1'
[0.623s] INFO:colcon.colcon_core.shell:Creating environment descriptor '/home/mahmudch/car_ws/install/car_bringup/share/car_bringup/hook/cmake_prefix_path.dsv'
[0.623s] INFO:colcon.colcon_core.shell:Creating environment hook '/home/mahmudch/car_ws/install/car_bringup/share/car_bringup/hook/cmake_prefix_path.sh'
[0.624s] Level 1:colcon.colcon_core.environment:checking '/home/mahmudch/car_ws/install/car_bringup/bin'
[0.624s] Level 1:colcon.colcon_core.environment:checking '/home/mahmudch/car_ws/install/car_bringup/lib/pkgconfig/car_bringup.pc'
[0.624s] Level 1:colcon.colcon_core.environment:checking '/home/mahmudch/car_ws/install/car_bringup/lib/python3.10/site-packages'
[0.624s] Level 1:colcon.colcon_core.environment:checking '/home/mahmudch/car_ws/install/car_bringup/bin'
[0.625s] INFO:colcon.colcon_core.shell:Creating package script '/home/mahmudch/car_ws/install/car_bringup/share/car_bringup/package.ps1'
[0.625s] INFO:colcon.colcon_core.shell:Creating package descriptor '/home/mahmudch/car_ws/install/car_bringup/share/car_bringup/package.dsv'
[0.625s] INFO:colcon.colcon_core.shell:Creating package script '/home/mahmudch/car_ws/install/car_bringup/share/car_bringup/package.sh'
[0.626s] INFO:colcon.colcon_core.shell:Creating package script '/home/mahmudch/car_ws/install/car_bringup/share/car_bringup/package.bash'
[0.626s] INFO:colcon.colcon_core.shell:Creating package script '/home/mahmudch/car_ws/install/car_bringup/share/car_bringup/package.zsh'
[0.626s] Level 1:colcon.colcon_core.environment:create_file_with_runtime_dependencies(/home/mahmudch/car_ws/install/car_bringup/share/colcon-core/packages/car_bringup)
[0.627s] Level 1:colcon.colcon_core.environment:create_environment_scripts_only(car_description)
[0.627s] Level 1:colcon.colcon_core.environment:checking '/home/mahmudch/car_ws/install/car_description' for CMake module files
[0.627s] DEBUG:colcon.colcon_core.event_handler.log_command:Invoked command in '/home/mahmudch/car_ws/build/car_description' returned '0': CMAKE_PREFIX_PATH=${CMAKE_PREFIX_PATH}:/home/mahmudch/car_ws/install/car_py_pkg:/home/mahmudch/mibot_ws/install/mibot_py_pkg:/home/mahmudch/ros2_ws/install/simple_py_pkg:/home/mahmudch/ros2_ws/install/lidar_py_pkg:/home/mahmudch/ros2_ws/install/car_homework_py_pkg:/opt/ros/humble /usr/bin/cmake --install /home/mahmudch/car_ws/build/car_description
[0.628s] Level 1:colcon.colcon_core.environment:checking '/home/mahmudch/car_ws/install/car_description' for CMake config files
[0.628s] Level 1:colcon.colcon_core.shell:create_environment_hook('car_description', 'cmake_prefix_path')
[0.628s] INFO:colcon.colcon_core.shell:Creating environment hook '/home/mahmudch/car_ws/install/car_description/share/car_description/hook/cmake_prefix_path.ps1'
[0.628s] INFO:colcon.colcon_core.shell:Creating environment descriptor '/home/mahmudch/car_ws/install/car_description/share/car_description/hook/cmake_prefix_path.dsv'
[0.629s] INFO:colcon.colcon_core.shell:Creating environment hook '/home/mahmudch/car_ws/install/car_description/share/car_description/hook/cmake_prefix_path.sh'
[0.629s] Level 1:colcon.colcon_core.environment:checking '/home/mahmudch/car_ws/install/car_description/bin'
[0.629s] Level 1:colcon.colcon_core.environment:checking '/home/mahmudch/car_ws/install/car_description/lib/pkgconfig/car_description.pc'
[0.629s] Level 1:colcon.colcon_core.environment:checking '/home/mahmudch/car_ws/install/car_description/lib/python3.10/site-packages'
[0.630s] Level 1:colcon.colcon_core.environment:checking '/home/mahmudch/car_ws/install/car_description/bin'
[0.630s] INFO:colcon.colcon_core.shell:Creating package script '/home/mahmudch/car_ws/install/car_description/share/car_description/package.ps1'
[0.630s] INFO:colcon.colcon_core.shell:Creating package descriptor '/home/mahmudch/car_ws/install/car_description/share/car_description/package.dsv'
[0.631s] INFO:colcon.colcon_core.shell:Creating package script '/home/mahmudch/car_ws/install/car_description/share/car_description/package.sh'
[0.631s] INFO:colcon.colcon_core.shell:Creating package script '/home/mahmudch/car_ws/install/car_description/share/car_description/package.bash'
[0.631s] INFO:colcon.colcon_core.shell:Creating package script '/home/mahmudch/car_ws/install/car_description/share/car_description/package.zsh'
[0.631s] Level 1:colcon.colcon_core.environment:create_file_with_runtime_dependencies(/home/mahmudch/car_ws/install/car_description/share/colcon-core/packages/car_description)
[0.632s] Level 1:colcon.colcon_core.environment:create_environment_scripts_only(car_description)
[0.632s] Level 1:colcon.colcon_core.environment:checking '/home/mahmudch/car_ws/install/car_description' for CMake module files
[0.632s] Level 1:colcon.colcon_core.environment:checking '/home/mahmudch/car_ws/install/car_description' for CMake config files
[0.633s] Level 1:colcon.colcon_core.shell:create_environment_hook('car_description', 'cmake_prefix_path')
[0.633s] INFO:colcon.colcon_core.shell:Creating environment hook '/home/mahmudch/car_ws/install/car_description/share/car_description/hook/cmake_prefix_path.ps1'
[0.633s] INFO:colcon.colcon_core.shell:Creating environment descriptor '/home/mahmudch/car_ws/install/car_description/share/car_description/hook/cmake_prefix_path.dsv'
[0.633s] INFO:colcon.colcon_core.shell:Creating environment hook '/home/mahmudch/car_ws/install/car_description/share/car_description/hook/cmake_prefix_path.sh'
[0.634s] Level 1:colcon.colcon_core.environment:checking '/home/mahmudch/car_ws/install/car_description/bin'
[0.634s] Level 1:colcon.colcon_core.environment:checking '/home/mahmudch/car_ws/install/car_description/lib/pkgconfig/car_description.pc'
[0.634s] Level 1:colcon.colcon_core.environment:checking '/home/mahmudch/car_ws/install/car_description/lib/python3.10/site-packages'
[0.634s] Level 1:colcon.colcon_core.environment:checking '/home/mahmudch/car_ws/install/car_description/bin'
[0.634s] INFO:colcon.colcon_core.shell:Creating package script '/home/mahmudch/car_ws/install/car_description/share/car_description/package.ps1'
[0.635s] INFO:colcon.colcon_core.shell:Creating package descriptor '/home/mahmudch/car_ws/install/car_description/share/car_description/package.dsv'
[0.635s] INFO:colcon.colcon_core.shell:Creating package script '/home/mahmudch/car_ws/install/car_description/share/car_description/package.sh'
[0.635s] INFO:colcon.colcon_core.shell:Creating package script '/home/mahmudch/car_ws/install/car_description/share/car_description/package.bash'
[0.636s] INFO:colcon.colcon_core.shell:Creating package script '/home/mahmudch/car_ws/install/car_description/share/car_description/package.zsh'
[0.636s] Level 1:colcon.colcon_core.environment:create_file_with_runtime_dependencies(/home/mahmudch/car_ws/install/car_description/share/colcon-core/packages/car_description)
[0.942s] DEBUG:colcon.colcon_core.event_handler.log_command:Invoking command in '/home/mahmudch/car_ws/build/car_py_pkg': PYTHONPATH=/home/mahmudch/car_ws/build/car_py_pkg/prefix_override:/usr/lib/python3/dist-packages/colcon_core/task/python/colcon_distutils_commands:/home/mahmudch/car_ws/install/car_py_pkg/lib/python3.10/site-packages:${PYTHONPATH} /usr/bin/python3 -W ignore:setup.py install is deprecated -W ignore:easy_install command is deprecated setup.py develop --editable --build-directory /home/mahmudch/car_ws/build/car_py_pkg/build --no-deps symlink_data
[1.333s] Level 1:colcon.colcon_core.shell:create_environment_hook('car_py_pkg', 'pythonpath_develop')
[1.333s] INFO:colcon.colcon_core.shell:Creating environment hook '/home/mahmudch/car_ws/build/car_py_pkg/share/car_py_pkg/hook/pythonpath_develop.ps1'
[1.333s] DEBUG:colcon.colcon_core.event_handler.log_command:Invoked command in '/home/mahmudch/car_ws/build/car_py_pkg' returned '0': PYTHONPATH=/home/mahmudch/car_ws/build/car_py_pkg/prefix_override:/usr/lib/python3/dist-packages/colcon_core/task/python/colcon_distutils_commands:/home/mahmudch/car_ws/install/car_py_pkg/lib/python3.10/site-packages:${PYTHONPATH} /usr/bin/python3 -W ignore:setup.py install is deprecated -W ignore:easy_install command is deprecated setup.py develop --editable --build-directory /home/mahmudch/car_ws/build/car_py_pkg/build --no-deps symlink_data
[1.333s] INFO:colcon.colcon_core.shell:Creating environment descriptor '/home/mahmudch/car_ws/build/car_py_pkg/share/car_py_pkg/hook/pythonpath_develop.dsv'
[1.334s] INFO:colcon.colcon_core.shell:Creating environment hook '/home/mahmudch/car_ws/build/car_py_pkg/share/car_py_pkg/hook/pythonpath_develop.sh'
[1.334s] Level 1:colcon.colcon_core.environment:checking '/home/mahmudch/car_ws/install/car_py_pkg' for CMake module files
[1.334s] Level 1:colcon.colcon_core.environment:checking '/home/mahmudch/car_ws/install/car_py_pkg' for CMake config files
[1.335s] Level 1:colcon.colcon_core.environment:checking '/home/mahmudch/car_ws/install/car_py_pkg/lib'
[1.335s] Level 1:colcon.colcon_core.environment:checking '/home/mahmudch/car_ws/install/car_py_pkg/bin'
[1.335s] Level 1:colcon.colcon_core.environment:checking '/home/mahmudch/car_ws/install/car_py_pkg/lib/pkgconfig/car_py_pkg.pc'
[1.335s] Level 1:colcon.colcon_core.environment:checking '/home/mahmudch/car_ws/install/car_py_pkg/lib/python3.10/site-packages'
[1.335s] Level 1:colcon.colcon_core.shell:create_environment_hook('car_py_pkg', 'pythonpath')
[1.335s] INFO:colcon.colcon_core.shell:Creating environment hook '/home/mahmudch/car_ws/install/car_py_pkg/share/car_py_pkg/hook/pythonpath.ps1'
[1.336s] INFO:colcon.colcon_core.shell:Creating environment descriptor '/home/mahmudch/car_ws/install/car_py_pkg/share/car_py_pkg/hook/pythonpath.dsv'
[1.336s] INFO:colcon.colcon_core.shell:Creating environment hook '/home/mahmudch/car_ws/install/car_py_pkg/share/car_py_pkg/hook/pythonpath.sh'
[1.336s] Level 1:colcon.colcon_core.environment:checking '/home/mahmudch/car_ws/install/car_py_pkg/bin'
[1.336s] Level 1:colcon.colcon_core.environment:create_environment_scripts_only(car_py_pkg)
[1.337s] INFO:colcon.colcon_core.shell:Creating package script '/home/mahmudch/car_ws/install/car_py_pkg/share/car_py_pkg/package.ps1'
[1.337s] INFO:colcon.colcon_core.shell:Creating package descriptor '/home/mahmudch/car_ws/install/car_py_pkg/share/car_py_pkg/package.dsv'
[1.337s] INFO:colcon.colcon_core.shell:Creating package script '/home/mahmudch/car_ws/install/car_py_pkg/share/car_py_pkg/package.sh'
[1.338s] INFO:colcon.colcon_core.shell:Creating package script '/home/mahmudch/car_ws/install/car_py_pkg/share/car_py_pkg/package.bash'
[1.338s] INFO:colcon.colcon_core.shell:Creating package script '/home/mahmudch/car_ws/install/car_py_pkg/share/car_py_pkg/package.zsh'
[1.338s] Level 1:colcon.colcon_core.environment:create_file_with_runtime_dependencies(/home/mahmudch/car_ws/install/car_py_pkg/share/colcon-core/packages/car_py_pkg)
[1.338s] DEBUG:colcon.colcon_parallel_executor.executor.parallel:closing loop
[1.338s] DEBUG:colcon.colcon_parallel_executor.executor.parallel:loop closed
[1.338s] DEBUG:colcon.colcon_parallel_executor.executor.parallel:run_until_complete finished with '0'
[1.338s] DEBUG:colcon.colcon_core.event_reactor:joining thread
[1.343s] INFO:colcon.colcon_core.plugin_system:Skipping extension 'colcon_notification.desktop_notification.terminal_notifier': Not used on non-Darwin systems
[1.343s] INFO:colcon.colcon_core.plugin_system:Skipping extension 'colcon_notification.desktop_notification.win32': Not used on non-Windows systems
[1.343s] INFO:colcon.colcon_notification.desktop_notification:Sending desktop notification using 'notify2'
[1.408s] DEBUG:colcon.colcon_core.event_reactor:joined thread
[1.408s] INFO:colcon.colcon_core.shell:Creating prefix script '/home/mahmudch/car_ws/install/local_setup.ps1'
[1.410s] INFO:colcon.colcon_core.shell:Creating prefix util module '/home/mahmudch/car_ws/install/_local_setup_util_ps1.py'
[1.411s] INFO:colcon.colcon_core.shell:Creating prefix chain script '/home/mahmudch/car_ws/install/setup.ps1'
[1.413s] INFO:colcon.colcon_core.shell:Creating prefix script '/home/mahmudch/car_ws/install/local_setup.sh'
[1.414s] INFO:colcon.colcon_core.shell:Creating prefix util module '/home/mahmudch/car_ws/install/_local_setup_util_sh.py'
[1.414s] INFO:colcon.colcon_core.shell:Creating prefix chain script '/home/mahmudch/car_ws/install/setup.sh'
[1.416s] INFO:colcon.colcon_core.shell:Creating prefix script '/home/mahmudch/car_ws/install/local_setup.bash'
[1.416s] INFO:colcon.colcon_core.shell:Creating prefix chain script '/home/mahmudch/car_ws/install/setup.bash'
[1.417s] INFO:colcon.colcon_core.shell:Creating prefix script '/home/mahmudch/car_ws/install/local_setup.zsh'
[1.418s] INFO:colcon.colcon_core.shell:Creating prefix chain script '/home/mahmudch/car_ws/install/setup.zsh'
