[0.962s] Invoking command in '/home/mahmudch/car_ws/build/car_py_pkg': PYTHONPATH=/home/mahmudch/car_ws/build/car_py_pkg/prefix_override:/usr/lib/python3/dist-packages/colcon_core/task/python/colcon_distutils_commands:/home/mahmudch/car_ws/install/car_py_pkg/lib/python3.10/site-packages:${PYTHONPATH} /usr/bin/python3 -W ignore:setup.py install is deprecated -W ignore:easy_install command is deprecated setup.py develop --editable --build-directory /home/mahmudch/car_ws/build/car_py_pkg/build --no-deps symlink_data
[1.291s] running develop
[1.506s] running egg_info
[1.506s] writing car_py_pkg.egg-info/PKG-INFO
[1.507s] writing dependency_links to car_py_pkg.egg-info/dependency_links.txt
[1.507s] writing entry points to car_py_pkg.egg-info/entry_points.txt
[1.507s] writing requirements to car_py_pkg.egg-info/requires.txt
[1.507s] writing top-level names to car_py_pkg.egg-info/top_level.txt
[1.509s] reading manifest file 'car_py_pkg.egg-info/SOURCES.txt'
[1.510s] writing manifest file 'car_py_pkg.egg-info/SOURCES.txt'
[1.512s] running build_ext
[1.512s] Creating /home/mahmudch/car_ws/install/car_py_pkg/lib/python3.10/site-packages/car-py-pkg.egg-link (link to .)
[1.515s] Installing controller_node script to /home/mahmudch/car_ws/install/car_py_pkg/lib/car_py_pkg
[1.515s] Installing gps_xyz_node script to /home/mahmudch/car_ws/install/car_py_pkg/lib/car_py_pkg
[1.516s] Installing imu_degrees_node script to /home/mahmudch/car_ws/install/car_py_pkg/lib/car_py_pkg
[1.516s] Installing movement_node script to /home/mahmudch/car_ws/install/car_py_pkg/lib/car_py_pkg
[1.518s] 
[1.519s] Installed /home/mahmudch/car_ws/build/car_py_pkg
[1.519s] running symlink_data
[1.567s] Invoked command in '/home/mahmudch/car_ws/build/car_py_pkg' returned '0': PYTHONPATH=/home/mahmudch/car_ws/build/car_py_pkg/prefix_override:/usr/lib/python3/dist-packages/colcon_core/task/python/colcon_distutils_commands:/home/mahmudch/car_ws/install/car_py_pkg/lib/python3.10/site-packages:${PYTHONPATH} /usr/bin/python3 -W ignore:setup.py install is deprecated -W ignore:easy_install command is deprecated setup.py develop --editable --build-directory /home/mahmudch/car_ws/build/car_py_pkg/build --no-deps symlink_data
