[0.022s] Invoking command in '/home/mahmudch/car_ws/build/car_bringup': CMAKE_PREFIX_PATH=${CMAKE_PREFIX_PATH}:/home/mahmudch/car_ws/install/car_py_pkg:/home/mahmudch/mibot_ws/install/mibot_py_pkg:/home/mahmudch/ros2_ws/install/simple_py_pkg:/home/mahmudch/ros2_ws/install/lidar_py_pkg:/home/mahmudch/ros2_ws/install/car_homework_py_pkg:/opt/ros/humble /usr/bin/cmake --build /home/mahmudch/car_ws/build/car_bringup -- -j12 -l12
[0.251s] Invoked command in '/home/mahmudch/car_ws/build/car_bringup' returned '0': CMAKE_PREFIX_PATH=${CMAKE_PREFIX_PATH}:/home/mahmudch/car_ws/install/car_py_pkg:/home/mahmudch/mibot_ws/install/mibot_py_pkg:/home/mahmudch/ros2_ws/install/simple_py_pkg:/home/mahmudch/ros2_ws/install/lidar_py_pkg:/home/mahmudch/ros2_ws/install/car_homework_py_pkg:/opt/ros/humble /usr/bin/cmake --build /home/mahmudch/car_ws/build/car_bringup -- -j12 -l12
[0.258s] Invoking command in '/home/mahmudch/car_ws/build/car_bringup': CMAKE_PREFIX_PATH=${CMAKE_PREFIX_PATH}:/home/mahmudch/car_ws/install/car_py_pkg:/home/mahmudch/mibot_ws/install/mibot_py_pkg:/home/mahmudch/ros2_ws/install/simple_py_pkg:/home/mahmudch/ros2_ws/install/lidar_py_pkg:/home/mahmudch/ros2_ws/install/car_homework_py_pkg:/opt/ros/humble /usr/bin/cmake --install /home/mahmudch/car_ws/build/car_bringup
[0.263s] -- Install configuration: ""
[0.264s] -- Execute custom install script
[0.264s] -- Up-to-date symlink: /home/mahmudch/car_ws/install/car_bringup/share/car_bringup//launch/car.launch.xml
[0.265s] -- Up-to-date symlink: /home/mahmudch/car_ws/install/car_bringup/share/car_bringup//rviz/xacro_config.rviz
[0.265s] -- Up-to-date symlink: /home/mahmudch/car_ws/install/car_bringup/share/car_bringup//worlds/test_world.world
[0.265s] -- Up-to-date symlink: /home/mahmudch/car_ws/install/car_bringup/share/ament_index/resource_index/package_run_dependencies/car_bringup
[0.265s] -- Up-to-date symlink: /home/mahmudch/car_ws/install/car_bringup/share/ament_index/resource_index/parent_prefix_path/car_bringup
[0.265s] -- Up-to-date symlink: /home/mahmudch/car_ws/install/car_bringup/share/car_bringup/environment/ament_prefix_path.sh
[0.265s] -- Up-to-date symlink: /home/mahmudch/car_ws/install/car_bringup/share/car_bringup/environment/ament_prefix_path.dsv
[0.266s] -- Up-to-date symlink: /home/mahmudch/car_ws/install/car_bringup/share/car_bringup/environment/path.sh
[0.266s] -- Up-to-date symlink: /home/mahmudch/car_ws/install/car_bringup/share/car_bringup/environment/path.dsv
[0.267s] -- Up-to-date symlink: /home/mahmudch/car_ws/install/car_bringup/share/car_bringup/local_setup.bash
[0.267s] -- Up-to-date symlink: /home/mahmudch/car_ws/install/car_bringup/share/car_bringup/local_setup.sh
[0.267s] -- Up-to-date symlink: /home/mahmudch/car_ws/install/car_bringup/share/car_bringup/local_setup.zsh
[0.267s] -- Up-to-date symlink: /home/mahmudch/car_ws/install/car_bringup/share/car_bringup/local_setup.dsv
[0.267s] -- Symlinking: /home/mahmudch/car_ws/install/car_bringup/share/car_bringup/package.dsv
[0.273s] -- Up-to-date symlink: /home/mahmudch/car_ws/install/car_bringup/share/ament_index/resource_index/packages/car_bringup
[0.273s] -- Up-to-date symlink: /home/mahmudch/car_ws/install/car_bringup/share/car_bringup/cmake/car_bringupConfig.cmake
[0.273s] -- Up-to-date symlink: /home/mahmudch/car_ws/install/car_bringup/share/car_bringup/cmake/car_bringupConfig-version.cmake
[0.273s] -- Up-to-date symlink: /home/mahmudch/car_ws/install/car_bringup/share/car_bringup/package.xml
[0.275s] Invoked command in '/home/mahmudch/car_ws/build/car_bringup' returned '0': CMAKE_PREFIX_PATH=${CMAKE_PREFIX_PATH}:/home/mahmudch/car_ws/install/car_py_pkg:/home/mahmudch/mibot_ws/install/mibot_py_pkg:/home/mahmudch/ros2_ws/install/simple_py_pkg:/home/mahmudch/ros2_ws/install/lidar_py_pkg:/home/mahmudch/ros2_ws/install/car_homework_py_pkg:/opt/ros/humble /usr/bin/cmake --install /home/mahmudch/car_ws/build/car_bringup
